X X 6.19 X X X X X 2.46 2.48 X X X X X X X X 
X X 6.15 X X X X X 2.39 2.37 X X X X X X X X 
X X 6.18 X X X X X 2.45 X X X X X X X X X 
X X X X X 7.04 X X 2.43 2.46 X X X X X X 6.81 X 16.13 11.12 6.72 X X 7.01 7.39 X 2.11 2.25 X X X X 9.54 X 6.91 X 
- 11.35 6.62 X X 7.07 X X 2.06 2.22 X X X X 9.58 X 6.84 X 
16.13 10.93 6.85 X X 7.07 X X 2.10 2.24 X X - X 9.58 X 6.87 X 
X 11.36 X X X X X X 2.06 2.29 X X 15.92 X 9.55 X 6.87 X 
16.05 11.54 6.79 X X 7.06 X X 2.10 2.22 X X 15.91 X 9.54 X 6.89 X 
16.10 11.47 6.74 X X 7.10 X X 2.07 2.25 X X 15.94 X 9.57 X 6.81 X 
16.08 10.81 6.69 X X 7.10 X X 2.11 2.25 X X 15.91 X 9.64 X 6.87 X 
16.12 11.37 6.83 X X 7.07 X X 2.02 2.26 X X 15.93 X 9.50 X 6.86 X 
16.10 10.95 6.81 X X 7.03 X X 2.11 2.25 X X 15.94 X 9.50 X 6.89 X 
16.04 - X X X 7.05 X X 2.15 2.25 X X 15.96 X 9.52 X 6.92 X 
16.12 X 6.57 X X 6.94 X X 2.10 2.24 X X 15.90 X 9.55 X 6.87 X 
16.05 11.33 6.66 X X 7.14 X X 2.12 2.27 X X 15.88 X 9.54 X 6.92 X 
16.16 11.44 6.84 X X 7.09 X X 2.10 2.21 X X 15.92 X 9.48 X 6.78 X 
16.12 11.55 6.42 X X 7.08 X X 2.06 2.26 X X 15.99 X 9.56 X 6.88 X 
16.08 11.09 6.76 X X 7.07 X X 2.11 2.23 X X 15.94 X 9.54 X 6.85 X 
16.10 11.39 6.78 X X 7.11 X X 2.09 2.24 X X 15.92 X 9.54 X 6.93 X 
15.98 10.82 6.74 X X 7.11 X X 2.11 2.23 X X 15.89 X 9.58 X 6.86 X 
16.08 11.46 6.68 X X 7.07 X X 2.04 2.22 X X 15.93 X - X 6.88 X 
16.08 11.35 6.87 X X 6.99 X X 2.10 2.26 X X 15.93 X 9.56 X 6.87 X 
16.11 11.05 6.83 X X 7.03 X X 2.13 2.25 X X 15.93 X 9.54 X 6.87 X 
16.15 11.44 6.71 X X 7.10 X X 2.08 2.26 X X 15.90 X 9.62 X 6.92 X 
16.07 11.02 6.88 X X 7.03 X X 2.15 2.26 X X 15.95 X 9.61 X 6.97 X 
16.13 10.77 6.54 X X 7.17 X X 2.13 2.24 X X 15.92 X 9.61 X 6.91 X 
16.04 10.88 6.90 X X 7.11 7.46 X 2.11 2.20 X X 15.96 X 9.52 X 6.89 X 
16.10 11.34 6.87 X X 7.01 7.31 X 2.11 - X X 15.97 X 9.64 X 6.94 X 
16.05 11.05 6.73 X X 7.01 7.45 X 2.02 2.22 X X 15.98 X 9.50 X 6.90 X 
16.04 11.42 6.71 X X 7.13 X X 2.12 2.27 X X 15.94 X 9.55 X 6.91 X 
16.15 11.42 6.81 X X 7.11 X X 2.06 2.27 X X 15.91 X 9.62 X 6.88 X 
16.04 11.36 6.77 X X 7.14 X X 2.11 2.25 X X 15.88 X 9.59 X 6.89 X 
16.07 10.88 6.67 X X 7.04 X X 2.08 2.24 X X 15.96 X 9.47 X 6.88 X 
- 10.59 6.67 X X 7.07 X X 2.08 2.24 X X 15.95 X 9.55 X 6.91 X 
16.09 10.91 6.88 X X 7.01 X X 2.10 2.25 X X 15.93 X 9.56 X 6.88 X 
16.13 11.47 6.67 X X 7.05 X X 2.09 2.26 X X 15.96 X 9.58 X 6.86 X 
15.94 11.29 6.70 X X 7.13 X X 2.16 2.24 X X 15.98 X 9.56 X 6.89 X 
16.18 11.31 6.93 X X 6.98 X X 2.11 2.28 X X 15.93 X 9.63 X 6.94 X 
- 11.43 6.81 X X 7.08 X X 2.10 2.22 X X 15.94 X 9.54 X 6.87 X 
16.16 10.82 6.73 X X 7.07 X X 2.06 2.26 X X 15.95 X 9.53 X 6.95 X 
16.09 10.94 6.68 X X 7.07 X X 2.13 2.24 X X 15.96 X 9.59 X 6.93 X 
16.03 11.39 6.72 X X 6.98 X X 2.11 X X X 15.91 X 9.60 X X X 
- 11.05 6.64 X X 7.01 X X 2.12 2.24 X X 15.96 X 9.61 X 6.90 X 
16.10 10.96 6.69 X X 7.06 X X 2.08 2.26 X X 15.95 X 9.57 X 6.87 X 
- 11.07 6.72 X X 7.05 X X 2.17 2.25 X X 15.92 X 9.61 X 7.00 X 
- X 6.81 X X 7.03 X X 2.06 2.21 X X 15.97 X 9.54 X 6.86 X 
X 11.34 6.63 X X 7.12 X X 2.17 2.23 X X 15.92 X 9.48 X 6.91 X 
X 11.01 6.74 X X 7.10 X X 2.12 2.22 X X 15.98 X 9.55 X 6.85 X 
16.01 11.46 6.78 X X 7.11 X X 2.03 2.27 X X 15.93 X 9.58 X 6.90 X 
16.14 11.04 6.82 X X 7.05 X X 2.12 2.25 X X 15.99 X 9.59 X 6.85 X 
- 11.05 6.79 X X 7.00 X X 2.09 2.22 X X 15.87 X 9.55 X 6.92 X 
16.07 11.01 6.80 X X 7.01 X X 2.18 2.20 X X 15.95 X 9.58 X 6.87 X 
16.13 11.06 6.82 X X 7.09 X X 2.12 2.26 X X 15.94 X 9.51 X 6.95 X 
16.01 11.04 6.72 X X 7.06 X X 2.18 2.22 X X 15.98 X 9.61 X 6.86 X 
X X X X X X X X X X X X X X X X X X 
16.02 11.08 6.75 X X 7.07 X X 2.14 2.13 X X 15.96 X 9.57 X X X 
16.11 X X X X X X X X X X X X X 9.56 X X X 
16.00 11.14 6.71 X X 7.06 X X 2.18 2.16 X X 15.91 X 9.61 X 6.88 X 
- 11.12 6.73 X X 7.00 X X 2.16 2.20 X X 15.96 X 9.50 X 6.91 X 
- 11.04 6.72 X X 7.05 X X 2.13 2.04 X X 15.96 X 9.52 X 6.84 X 
- 10.97 6.68 X X 7.04 X X 2.18 2.14 X X 15.91 X 9.51 X 6.88 X 
15.87 11.04 6.70 X X 7.08 X X 2.14 2.15 X X 16.00 X 9.47 X 6.87 X 
- 11.12 6.75 X X - X X 2.18 2.22 X X 15.94 X 9.57 X 6.85 X 
16.15 10.96 6.65 X X 6.99 X X 2.18 2.16 X X 15.94 X 9.61 X 6.88 X 
- 11.06 6.74 X X X X X 2.20 2.24 X X 15.88 X 9.61 X 6.86 X 
X 11.08 6.77 X X 7.17 X X 2.16 2.20 X X 15.95 X 9.70 X 6.89 X 
X X X X X X X X X 2.18 X X X X X X X X 
- 11.18 6.62 X X 7.07 X X 2.16 2.26 X X - X 9.52 X 6.94 X 
- 11.15 6.60 X X 7.83 X X 2.16 2.23 X X 15.99 X 9.51 X 6.90 X 
X 11.16 6.65 X X 7.84 X X 2.16 2.24 X X 15.94 X 9.64 X 6.94 X 
16.14 11.13 6.67 X X 7.11 X X 2.17 2.19 X X 15.99 X 9.45 X 6.84 X 
X 11.14 6.64 X X 6.83 X X 2.15 2.22 X X 15.93 X 9.52 X 6.93 X 
X 11.09 6.67 X X 7.41 X X 2.19 2.20 X X 16.01 X 9.55 X 6.89 X 
- 11.18 6.68 X X 6.72 X X 2.14 2.18 X X 16.01 X 9.50 X 6.86 X 
X 11.17 6.69 X X 7.02 X X 2.14 2.24 X X 16.02 X 9.46 X 6.93 X 
X 11.16 6.64 X X 7.65 X X 2.18 2.25 X X 15.90 X 9.48 X 6.81 X 
X 11.12 6.63 X X 6.92 X X 2.16 2.25 X X 15.90 X 9.53 X 6.92 X 
X 11.16 6.62 X X 6.97 X X 2.16 2.22 X X 15.96 X 9.56 X 6.96 X 
X 11.12 6.64 X X 6.72 X X 2.17 2.26 X X 15.99 X 9.56 X 6.87 X 
X 11.16 6.56 X X 7.58 7.37 X 2.21 2.21 X X 15.92 X 9.45 X 6.90 X 
- 11.14 6.59 X X 6.80 7.29 X 2.21 2.22 X X 15.91 X 9.47 X 6.81 X 
- 11.16 6.70 X X 7.46 7.30 X 2.18 2.27 X X 15.93 X 9.49 X 7.04 X 
17.20 11.16 6.60 X X 7.55 X X 2.16 2.21 X X 15.99 X 9.48 X 6.87 X 
X 11.18 6.68 X X 6.93 X X 2.19 2.18 X X 15.90 X 9