11.75 7.44 5.79 X X 8.55 X X 5.27 5.44 X X 11.48 X 7.01 X 7.90 X 
11.88 7.53 5.75 X X 8.47 X X 5.28 5.37 X X 11.50 X 7.09 X 7.99 X 
- 7.48 5.70 X X 8.52 X X 5.31 5.44 X X 11.59 X 7.08  7.51 X 7.55 X 
12.63 7.64 5.61 X X 7.98 X X 4.43 4.50 X X 12.39 X 7.46 X X X 
12.74 8.11 5.71 X X 7.98 X X 4.44 4.47 X X 12.34 X 7.45 X X X 
X 8.15 5.59 X X X X X 4.42 X X X X X X X X X 
- 8.14 5.68 X X 7.98 X X 4.42 4.53 X X 12.38 X 7.49 X X X 
12.68 8.17 5.68 X X 7.92 X X 4.48 4.54 X X 12.44 X 7.45 X X X 
X X X X X X X X X 4.54 X X X X X X X X 
12.73 8.12 5.66 X X 7.95 X X 4.41 4.52 X X 12.36 X 7.47 X X X 
12.68 8.11 5.71 X X 7.99 X X 4.41 4.49 X X 12.39 X 7.42 X X X 
- 8.14 5.62 X X 7.95 X X 4.42 4.49 X X 12.37 X 7.46 X 7.50 X 
- 8.09 5.68 X X 7.97 X X 4.39 4.49 X X 12.37 X 7.49 X 7.51 X 
12.98 8.12 5.58 X X 7.99 X X 4.44 4.52 X X 12.38 X 7.44 X 7.60 X 
- 8.07 5.68 X X 7.98 X X 4.44 4.50 X X 12.36 X 7.46 X 7.61 X 
12.68 8.12 5.62 X X 8.01 X X 4.54 4.46 X X 12.38 X 7.46 X 7.53 X 
- 8.14 5.70 X X 8.00 X X 4.41 4.51 X X 12.39 X 7.42 X 7.53 X 
- 8.13 5.73 X X 7.99 X X 4.44 4.50 X X 12.38 X 7.49 X 7.49 X 
X 8.12 5.72 X X 7.99 X X 4.39 4.53 X X 12.36 X 7.42 X 7.55 X 
- 8.12 5.68 X X 7.97 X X 4.36 4.48 X X 12.41 X 7.41 X 7.58 X 
X 8.11 5.74 X X 7.97 X X 4.44 4.48 X X 12.37 X 7.50 X 7.61 X 
X 8.12 5.68 X X 7.95 X X 4.48 4.55 X X 12.42 X 7.45 X 7.48 X 
- 8.13 5.68 X X 7.97 X X 4.46 4.48 X X 12.43 X 7.47 X 7.48 X 
- 8.12 5.68 X X 7.98 X X 4.43 4.52 X X 12.41 X 7.46 X 7.58 X 
- 8.09 5.73 X X 7.99 X X 4.43 4.52 X X 12.39 X 7.45 X 7.55 X 
12.71 8.12 5.64 X X 7.94 X X 4.49 4.49 X X 12.42 X 7.41 X 7.50 X 
X X X X X X X X X X X X X X X X X X 
12.73 8.10 5.65 X X X X X X 4.53 X X 12.39 X X X X X 
X X X X X 8.02 X X X 4.50 X X X X X X X X 
- 8.11 5.69 X X 7.98 X X 4.49 4.50 X X 12.34 X 7.47 X 7.53 X 
- 8.10 5.68 X X 7.96 X X 4.41 4.49 X X 12.47 X 7.45 X 7.56 X 
X 8.14 5.65 X X 7.97 X X 4.41 4.52 X X 12.41 X 7.47 X 7.54 X 
12.74 8.09 5.67 X X 7.96 X X 4.51 4.54 X X 12.34 X 7.42 X 7.59 X 
- 8.12 X X X 7.98 X X 4.45 4.49 X X 12.41 X 7.44 X 7.56 X 
X X X X X X X X X X X X X X X X X X 
X 8.13 5.60 X X 7.99 X X 4.42 4.49 X X 12.36 X 7.42 X 7.58 X 
12.65 8.13 5.65 X X 8.02 X X 4.41 4.55 X X 12.40 X 7.43 X 7.58 X 
- 8.13 5.67 X X 7.97 X X 4.48 4.55 X X 12.40 X 7.45 X 7.53 X 
- 8.08 5.69 X X 7.99 X X 4.46 4.52 X X 12.45 X 7.45 X 7.55 X 
12.66 8.12 5.66 X X 8.00 X X 4.41 4.54 X X 12.34 X 7.44 X 7.48 X 
- 8.11 5.65 X X 7.99 X X 4.35 4.58 X X 12.34 X 7.44 X 7.54 X 
- 8.11 5.68 X X 7.97 X X 4.37 4.53 X X X X 7.45 X 7.55 X 
X 8.09 5.66 X X 8.01 X X 4.48 4.51 X X 12.45 X 7.47 X 7.56 X 
- 8.13 5.65 X X 7.94 X X 4.49 4.53 X X 12.42 X 7.47 X 7.55 X 
12.66 8.13 5.55 X X 8.00 X X 4.43 4.51 X X 12.35 X 7.42 X 7.54 X 
12.68 8.12 5.69 X X 8.02 X X 4.42 4.50 X X 12.34 X 7.47 X 7.50 X 
12.69 8.08 5.62 X X 8.04 X X 4.40 4.53 X X 12.38 X 7.44 X 7.47 X 
- 8.10 5.67 X X 8.03 X X 4.43 4.52 X X 12.39 X 7.45 X 7.45 X 
12.69 8.10 5.68 X X 8.02 X X 4.39 4.49 X X 12.39 X 7.43 X 7.50 X 
X 8.09 5.69 X X 8.00 X X 4.42 4.54 X X 12.38 X 7.44 X 7.47 X 
- 8.10 5.66 X X 7.99 X X 4.41 4.54 X X 12.41 X 7.48 X 7.58 X 
- 8.08 5.65 X X 7.95 X X 4.42 4.52 X X 12.37 X 7.45 X 7.59 X 
12.73 8.11 5.67 X X 8.00 X X 4.37 4.44 X X 12.37 X 7.47 X 7.54 X 
12.73 8.14 5.68 X X 7.98 X X 4.42 4.53 X X 12.36 X 7.46 X 7.52 X 
- 7.85 5.65 X X 8.00 X X 4.53 4.48 X X 12.40 X 7.47 X 7.53 X 
X X 5.61 X X 7.96 X X X X X X X X X X X X 
X 7.85 X X X 7.99 X X 4.45 4.52 X X 12.34 X 7.44 X 7.57 X 
X X X X X 7.99 X X X X X X X X X X X X 
X 8.16 5.69 X X 7.99 X X 4.45 4.49 X X 12.39 X 7.43 X 7.53 X 
X 8.12 X X X 7.95 X X 4.44 4.50 X X 12.40 X 7.37 X 7.53 X 
12.71 8.15 5.69 X X 7.95 X X 4.39 4.53 X X 12.38 X 7.42 X 7.56 X 
- 8.13 5.69 X X 7.99 X X 4.34 4.54 X X 12.46 X 7.37 X 7.53 X 
- 8.10 5.61 X X 7.98 X X 4.42 4.42 X X 12.38 X 7.43 X 7.62 X 
X 8.11 5.65 X X 7.96 X X 4.40 4.52 X X 12.34 X 7.43 X 7.54 X 
- 8.11 5.61 X X 7.95 X X 4.36 4.52 X X 12.39 X 7.46 X 7.55 X 
- 8.15 5.58 X X 7.95 X X 4.38 4.49 X X 12.44 X 7.44 X 7.50 X 
- 7.93 5.66 X X 7.94 X X 4.44 4.41 X X 12.44 X 7.45 X 7.50 X 
12.71 8.14 5.62 X X 7.96 X X 4.41 4.51 X X 12.38 X 7.40 X 7.54 X 
12.73 8.16 5.69 X X 7.97 X X 4.33 4.47 X X 12.36 X 7.45 X 7.50 X 
12.76 8.13 5.65 X X 7.95 X X 4.38 4.53 X X 12.39 X 7.36 X 7.42 X 
12.76 8.14 5.65 X X 7.95 X X 4.47 4.51 X X 12.38 X 7.47 X 7.49 X 
12.63 8.11 5.71 X X 7.95 X X 4.41 4.50 X X 12.38 X 7.52 X 7.46 X 
- 8.14 5.68 X X 7.96 X X 4.36 4.51 X X 12.43 X 7.54 X 7.46 X 
X 8.21 5.70 X X 7.99 X X 4.48 4.52 X X 12.41 X 7.44 X 7.54 X 
12.72 8.08 5.65 X X 7.99 X X 4.42 4.48 X X 12.39 X 7.31 X 7.51 X 
12.75 8.20 5.62 X X 7.99 X X 4.47 4.48 X X 12.38 X 7.44 X 7.42 X 
12.78 8.19 5.67 X X 7.99 X X 4.38 4.53 X X 12.39 X 7.43 X 7.48 X 
12.63 8.16 5.63 X X 7.94 X X 4.47 4.52 X X 12.39 X 7.38 X 7.52 X 
12.77 8.17 5.72 X X 7.98 X X 4.49 4.53 X X 12.39 X 7.46 X 7.45 X 
- 8.15 5.63 X X 7.97 X X 4.54 4.54 X X 12.36 X 7.57 X 7.55 X 
- 8.10 5.65 X X 7.95 X X 4.44 4.52 X X 12.34 X 7.45 X 7.46 X 
X 8.20 5.64 X X 7.92 X X 4.47 4.48 X X 12.37 X 7.36 X 7.46 X 
12.78 8.21 5.65 X X 7.95 X X 4.46 4.53 X X 12.45 X 7.44 X 7.50 X 
- 8.13 5.64 X X 7.94 X X 4.47 4.52 X X 12.38 X 7.50 X 7.53 X 
- 8.13 5.68 X X 7.92 X X 4.42 4.49 X X 12.36 X 7.58 X 7.53 X 
- 8.12 5.67 X X 7.98 X X 4.51 4.50 X X 12.39 X 7.39 X 7.51 X 
12.70 8.13 5.69 X X 7.93 X X 4.45 4.51 X X 12.32 X 7.46 X 7.49 X 
- 8.18 5.69 X X 7.97 X X 4.48 4.48 X X 12.44 X 7.56 X 7.48 X 
X 8.17 5.64 X X 7.94 X X 4.40 4.44 X X 12.40 X 7.54 X 7.58 X 
- 8.13 5.64 X X 7.99 X X 4.48 4.46 X X 12.42 X 7.48 X 7.47 X 
12.77 8.18 5.68 X X 7.94 X X 4.52 4.49 X X 12.37 X 7.41 X 7.50 X 
X 8.20 5.65 X X 7.93 X X 4.43 4.52 X X 12.32 X 7.19 X 7.54 X 
X 8.18 5.56 X X 7.96 X X 4.46 4.50 X X 12.44 X 7.53 X 7.45 X 
- 8.17 5.63 X X 7.98 X X 4.48 4.49 X X 12.35 X 7.55 X 7.53 X 
- 8.13 5.63 X X 7.95 X X 4.42 4.46 X X 12.46 X 7.38 X 7.54 X 
- 8.15 5.59 X X 7.95 X X 4.44 4.46 X X 12.45 X 7.32 X 7.51 X 
X 8.13 5.60 X X - X X 4.44 4.50 X X 12.39 X 7.41 X - X 
X 8.08 5.65 X X 7.97 X X 4.53 4.49 X X 12.36 X 7.48 X 7.47 X 
X 8.15 5.64 X X 7.97 X X 4.48 4.47 X X 12.36 X 7.45 X 7.46 X 
- 8.16 5.61 X X 7.96 X X 4.48 4.48 X X 12.43 X 7.60 X 7.51 X 
X 8.14 5.62 X X 7.93 X X 4.51 4.50 X X 12.39 X 7.53 X 7.51 X 
X 8.16 5.66 X X 7.96 X X 4.43 4.53 X X 12.37 X 7.48 X 7.51 X 
X 8.11 5.63 X X 7.92 X X 4.28 4.51 X X 12.41 X 7.38 X 7.52 X 
- 8.14 5.67 X X 7.96 X X 4.43 4.52 X X 12.40 X 7.55 X 7.45 X 
X 8.16 5.61 X X 7.92 X X 4.44 4.47 X X 12.39 X 7.50 X 7.48 X 
X 8.16 5.63 X X 7.95 X X 4.50 4.51 X X 12.43 X 7.58 X 7.54 X 
- 8.12 5.65 X X 7.96 X X 4.46 4.52 X X 12.40 X 7.43 X 7.52 X 
X 8.09 5.62 X X 7.98 X X 4.57 4.50 X X 12.41 X 7.42 X 7.49 X 
X 8.12 5.62 X X 7.97 X X 4.47 4.54 X X 12.40 X 7.58 X 7.41 X 
- 8.14 5.65 X X 7.98 X X 4.49 4.51 X X 12.40 X 7.24 X 7.52 X 
X X X X X X X X X X X X X X X X X X 
X 8.13 X X X 7.99 X X 4.53 4.52 X X 12.40 X 7.32 X 7.49 X 
X 8.13 X X X X X X X 4.41 X X X X X X 7