X X 5.94 X X X X X 2.97 X X X X X X X X X 
X X 5.96 X X X X X 3.00 X X X X X X X X X 
X X 5.92 X X X X X 3.00 X X X X X X X 6.96 X 
X X 5.93 X X X X X 2.92 X X X X X X X 6.87 X 
X 10.34 6.20 X X X X X - 2.43 X X X X 8.84 X 6.85 X 
X X 6.19 X X 6.98 X X 2.42 2.47 X X X X X X X X 
X 10.21 X X X X X X X 2.43 X X X X X X 6.86 X 
X X 6.16 X X X X X 2.34 2.43 X X X X 8.83 X 6.88 X 
X 10.15 6.23 X X 7.02 X X 2.38 2.44 X X 14.97 X X X 6.88 X 
X 10.27 6.22 X X X X X 2.37 2.39 X X 15.07 X 8.94 X 6.82 X 
X X 6.17 X X 7.05 X X 2.41 2.42 X X X X 8.90 X 6.87 X 
X 10.19 6.21 X X 7.01 X X 2.34 2.51 X X X X 8.87 X 6.89 X 
X 10.19 6.20 X X X X X 2.37 2.49 X X X X X X 6.90 X 
X 10.24 6.22 X X X X X 2.37 2.45 X X 15.15 X X X 6.83 X 
X X X X X 7.00 X X 2.39 2.47 X X X X X X 6.90 X 
X X 6.18 X X X X X 2.44 2.45 X X X X 8.89 X 6.84 X 
X 10.32 6.18 X X 7.03 X X 2.40 2.49 X X X X 8.92 X 6.85 X 
X X X X X X X X X X X X X X X X X X 
X 10.37 6.26 X X 6.99 X X 2.42 2.40 X X X X 8.89 X 6.86 X 
X 10.04 6.12 X X 7.00 X X 2.36 2.45 X X 15.00 X X X 6.82 X 
X 10.31 6.19 X X 7.06 X X 2.39 2.46 X X X X 8.94 X 6.83 X 
X 10.23 6.21 X X 7.02 X X 2.41 2.44 X X X X 8.87 X 6.79 X 
X 10.28 6.26 X X 6.99 X X 2.38 2.44 X X X X 8.85 X 6.84 X 
X X 6.17 X X X X X 2.38 2.51 X X X X 8.91 X 6.90 X 
X 10.22 6.19 X X 7.03 X X 2.41 2.47 X X 15.03 X 8.89 X 6.85 X 
X 10.18 6.21 X X 7.07 X X X 2.40 X X X X X X 6.93 X 
X 10.36 6.21 X X 6.99 X X 2.36 2.41 X X X X 8.93 X 6.80 X 
X X 6.18 X X 7.02 X X 2.38 2.45 X X X X X X 6.82 X 
X 10.32 6.24 X X 6.98 X X 2.35 2.43 X X X X X X 6.79 X 
X 10.15 6.23 X X 6.99 X X 2.40 2.43 X X X X 8.87 X 6.82 X 
X 10.25 6.17 X X 7.01 X X 2.39 2.44 X X X X 8.91 X 6.79 X 
X 10.14 6.26 X X 7.06 X X 2.37 2.47 X X X X X X 6.77 X 
X 10.10 6.22 X X 7.05 X X - 2.47 X X X X 8.91 X 6.88 X 
X 10.26 6.24 X X X X X 2.36 2.43 X X X X 8.89 X 6.81 X 
X 10.31 6.21 X X X X X 2.37 2.45 X X X X 8.91 X 6.86 X 
X 10.23 6.19 X X 7.06 X X 2.38 2.45 X X X X X X 6.86 X 
X X X X X X X X - 2.41 X X X X 8.88 X 6.85 X 
X 10.20 6.17 X X 7.05 X X 2.34 2.48 X X X X 8.86 X 6.83 X 
X 10.40 6.16 X X 7.06 X X 2.43 2.51 X X X X 8.89 X 6.73 X 
X 10.18 6.17 X X 7.03 X X 2.36 2.45 X X X X 8.93 X 6.81 X 
X X X X X X X X X X X X X X X X 6.81 X 
X 10.24 6.25 X X X X X X 2.42 X X X X 8.86 X 6.86 X 
X X X X X X X X X X X X X X X X X X 
X X X X X X X X X X X X X X X X X X 
X 10.21 6.19 X X X X X 2.39 2.50 X X X X 8.93 X 6.84 X 
X 10.20 6.21 X X 7.04 X X 2.34 2.50 X X X X X X 6.87 X 
X 10.34 X X X X X X X X X X X X 9.02 X X X 
X 10.06 X X X X X X X X X X X X 8.89 X X X 
X X X X X X X X X X X X X X X X X X 
X 10.32 X X X X X X X X X X X X X X 6.76 X 
X 10.37 X X X X X X X X X X X X 8.93 X X X 
X 10.36 X X X X X X 2.41 X X X X X X X 6.91 X 
X 10.30 X X X X X X 2.40 X X X X X X X X X 
X X X X X X X X X X X X X X X X X X 
X 10.33 X X X X X X 2.39 X X X X X X X X X 
X 10.28 X X X X X X 2.42 X X X X X X X X X 
X 10.39 X X X X X X 2.40 X X X X X X X X X 
X X X X X X X X 2.38 X X X X X 9.00 X X X 
X X X X X X X X X X X X X X X X X X 
X 10.32 X X X X X X X X X X X X X X X X 
X X X X X X X X X X X X X X X X X X 
X X X X X X X X 2.42 X X X X X X X X X 
X X X X X X X X 2.43 X X X X X X X X X 
X 10.34 X X X X X X 2.39 X X X X X X X X X 
X 10.33 X X X X X X 2.46 X X X X X X X X X 
X X X X X X X X X X X X X X X X X X 
X 10.33 X X X X X X X X X X X X X X X X 
X X X X X X X X X X X X X X X X X X 
X X X X X X X X - X X X X X X X X X 
X 10.32 X X X X X X 2.41 X X X X X X X 6.82 X 
X 10.27 X X X X X X 2.42 X X X X X X X 6.84 X 
X 10.35 X X X X X X 2.42 X X X X X X X 6.87 X 
X X X X X X X X 2.44 X X X X X X X X X 
X 10.32 - X X - X X 2.41 X X X X X X X X X 
X 10.37 6.22 X X X X X X X X X X X X X X X 
X 10.34 6.20 X X 7.06 X X 2.38 X X X X X X X X X 
X X 6.17 X X X X X 2.42 2.44 X X X X X X X X 
X X 6.19 X X X X X 2.41 2.43 X X X X X X X X 
X X 6.18 X X X X X 2.42 2.37 X X X X X X X X 
X X 6.24 X X X X X X X X X X X X X X X 
X X 6.19 X X X X X 2.44 2.40 X X X X X X X X 
X X 6.27 X X X X X 2.41 2.45 X X X X X X X X 
X X 6.19 X X 7.09 X X 2.40 2.36 X X X X X X X X 
X X X X X X X X X X X X X X X X X X 
X X 6.17 X X X X X 2.39 2.43 X X X X X X X X 
X X 6.20 X X X X X 2.42 2.46 X X X X X X X X 
X X 6.18 X X 7.12 X X 2.43 2.37 X X X X X X X X 
X X 6.15 X X 6.94 X X 2.39 2.36 X X X X X X X X 
X
