X 8.80 X X X X X X 3.64 3.73 X X 13.28 X X X 7.17 X 
X 8.86 X X X X X X 3.71 3.71 X X 13.28 X X X 7.22 X 
X 8.77 X X X X X14.29 9.51 5.95 X X X X X 2.90 3.03 X X 14.18 X 8.33 X 6.95 X 
X 9.65 5.97 X X 7.25 X X 2.89 3.05 X X 14.19 X 8.32 X 6.97 X 
14.27 9.51 5.99 X X 7.21 X X 2.93 2.96 X X 14.13 X 8.33 X 7.04 X 
- 9.39 5.98 X X 7.23 X X 2.96 3.00 X X 14.16 X 8.32 X 7.00 X 
- 9.46 5.98 X X 7.21 X X 2.92 3.00 X X 14.20 X 8.38 X 6.95 X 
- 9.54 5.98 X X 7.28 X X 2.90 3.05 X X 14.19 X 8.38 X 7.03 X 
14.23 9.49 5.98 X X 7.24 X X 2.90 2.99 X X 14.12 X 8.38 X 7.02 X 
14.39 9.44 5.98 X X 7.26 X X 2.94 2.99 X X 14.20 X 8.36 X 7.02 X 
14.35 9.35 5.97 X X 7.20 X X 2.90 2.97 X X 14.16 X 8.36 X 7.00 X 
- 9.47 5.99 X X 7.23 X X 2.92 2.99 X X 14.21 X 8.32 X 7.00 X 
14.28 9.43 6.02 X X 7.23 X X 2.91 3.06 X X 14.14 X 8.35 X 7.02 X 
11.16 9.52 5.96 X X 7.28 X X 2.91 3.01 X X 14.15 X 8.24 X 7.00 X 
14.41 9.60 5.98 X X 7.25 X X 2.93 3.05 X X 14.21 X 8.38 X 6.97 X 
14.45 9.61 5.96 X X 7.29 X X 2.94 2.96 X X 14.21 X 8.39 X 7.05 X 
- 9.59 6.00 X X 7.27 X X 2.97 2.94 X X 14.16 X 8.28 X 7.02 X 
- 9.51 5.99 X X 7.23 X X 2.99 3.02 X X 14.21 X 8.31 X 7.02 X 
X 9.52 5.98 X X 7.26 X X 2.85 2.96 X X 14.19 X 8.38 X 7.00 X 
X 9.44 5.94 X X 7.26 X X 2.90 3.02 X X 14.22 X 8.33 X 7.01 X 
14.09 9.44 5.99 X X 7.26 X X 2.98 3.01 X X 14.20 X 8.35 X 6.94 X 
14.36 9.57 5.93 X X 7.24 X X 2.94 3.06 X X 14.23 X 8.38 X 7.04 X 
14.58 9.39 5.98 X X 7.26 X X 2.92 2.99 X X 14.19 X 8.38 X 7.03 X 
X 9.38 5.93 X X 7.28 X X X X X X 14.16 X 8.35 X 6.95 X 
- 9.42 5.93 X X 7.25 X X X X X X 14.21 X 8.36 X 6.95 X 
X 9.46 5.94 X X 7.28 X X X X X X 14.18 X 8.34 X 6.95 X 
- 9.54 5.97 X X 7.22 X X X X X X 14.16 X 8.31 X 6.97 X 
14.47 9.45 5.95 X X 7.22 X X X X X X 14.22 X 8.35 X 6.98 X 
14.49 9.41 5.97 X X 7.29 X X X X X X 14.21 X 8.30 X 7.01 X 
X X 5.97 X X X X X X X X X 14.20 X 8.37 X 7.01 X 
X X X X X X X X X X X X 14.17 X X X X X 
X X X X X X X X X X X X 14.20 X X X X X 
X X 5.94 X X X X X X X X X 14.22 X X X X X 
X X 5.96 X X X X X X X X X 14.12 X 8.28 X X X 
X X 5.93 X X 7.22 X X X X X X 14.13 X X X X X 
X X X X X X X X X X X X X X X X X X 
X X 5.98 X X 7.26 X X X X X X 14.24 X 8.30 X X X 
X X 5.98 X X 7.21 X X X X X X 14.13 X 8.30 X X X 
X X 5.96 X X 7.28 X X X X X X 14.19 X 8.36 X X X 
X X 5.95 X X 7.28 X X X X X X 14.17 X 8.41 X X X 
X X 5.94 X X 7.21 X X X X X X 14.16 X 8.32 X X X 
X X 6.02 X X 7.27 X X X X X X X X 8.33 X X X 
X X X X X 7.25 X X X X X X X X 8.35 X X X 
X X 5.96 X X 7.26 X X X X X X X X 8.41 X X X 
X X 5.94 X X 7.22 X X X X X X X X 8.39 X X X 
X X 5.95 X X 7.29 X X X X X X X X 8.32 X - X 
X X 5.96 X X 7.26 X X X X X X X X 8.41 X 6.96 X 
X X X X X 7.24 X X X X X X X X 8.35 X 6.97 X 
X X 5.95 X X 7.22 X X X X X X X X X X 6.95 X 
X X 5.93 X X 7.26 X X 2.92 X X X X X X X X X 
X X X X X X X X X X X X X X X X X X 
X X 5.99 X X 7.24 X X 2.94 X X X X X X X 6.99 X 
X X X X X X X X X X X X X X X X X X 
X X 5.94 X X 7.28 X X 2.93 X X X X X X X 7.06 X 
X X 5.87 X X 7.23 X X 2.98 X X X X X 8.36 X 7.00 X 
X X 5.89 X X 7.24 X X 2.96 X X X X X 8.33 X 7.02 X 
X X - X X - X X - X X X X X - X - X 
X X 5.90 X X 7.13 X X 2.90 X X X X X 8.31 X 6.58 X 
X X X X X 7.18 X X 2.95 X X X X X 8.32 X 6.91 X 
X X 5.90 X X 7.17 X X 2.92 X X X X X 8.40 X 6.92 X 
X X 5.93 X X 7.19 X X 2.93 X X X X X 8.34 X 6.96 X 
X X 5.99 X X 7.16 X X 3.00 X X X X X 8.43 X 6.93 X 
X X 5.93 X X 7.27 X X 2.92 X X X X X 8.41 X 6.95 X 
X X 5.96 X X 7.34 X X 2.98 X X X X X 8.38 X 6.94 X 
X X 5.93 X X 7.32 X X - X X X X X 8.63 X 6.97 X 
X X 6.02 X X 7.26 X X 3.01 X X X X X 8.24 X 6.97 X 
X X 5.94 X X 7.26 X X 2.98 X X X 14.18 X 8.32 X 6.87 X 
X X 6.01 X X 7.26 X X 2.99 X X X 14.21 X 8.38 X 7.01 X 
X X 5.95 X X 7.30 X X 2.91 X X X 14.18 X 8.39 X 6.93 X 
X X 6.02 X X 7.22 X X 2.97 2.95 X X X X X X 6.91 X 
X X 5.98 X X 7.27 X X 2.97 3.00 X X 14.04 X 8.36 X 6.96 X 
X - 5.98 X X 7.29 X X 3.02 2.93 X X 14.18 X 8.31 X 6.87 X 
X 9.53 5.97 X X 7.16 X X 2.94 2.96 X X 14.17 X 8.38 X 6.89 X 
X 9.55 6.03 X X 7.24 X X 2.97 2.90 X X 14.22 X 8.36 X 6.97 X 
X 9.50 5.95 X X 7.25 X X 2.98 2.94 X X 14.16 X 8.42 X 6.96 X 
X 9.51 5.95 X X 7.22 6.70 X 3.00 2.93 X X 14.26 X 8.44 X 6.90 X 
X 9.52 5.96 X X 7.21 6.71 X 3.00 2.95 X X 14.30 X 8.41 X 6.91 X 
X 9.55 5.94 X X 7.23 X X 3.01 2.94 X X 14.17 X 8.30 X X X 
X X X X X X X X 2.96 X X X X X X X X X 
X X X X X X X X X X X X X X X X X X 
X X X X X X X X 2.99 X X X X X X X X X 
X X 5.98 X X X X X 2.97 2.93 X X X X X X X X 
X X X X X X X X 3.01 3.03 X X X X X X X X 
X X 5.90 X X X X X 2.99 X X X X X X X X X 
X