X X X X X X X X X X X X X X X X X X 
X 8.15 X X X 7.99 X X 4.54 4.53 X X 12.43 X 7.35 X 7.50 X 
X 8.15 X X X 7.95 X X 4.39 4.51 X X 12.39 X 7.44 X 7.48 X 
- 8.88 5.78 X X 7.61 X X 3.65 3.72 X X 13.25 X 7.87 X 7.14 X 
X X X X X X X X X X X X X X X X X X 
- 8.81 5.82 X X 7.50 X X 3.67 3.74 X X 13.21 X 7.82 X 7.14 X 
13.46 8.91 5.76 X X 7.54 X X 3.66 3.72 X X 13.23 X 7.84 X 7.17 X 
- 8.74 5.80 X X 7.55 X X 3.59 3.73 X X 13.22 X 7.84 X 7.13 X 
X 8.74 5.69 X X 7.60 X X 3.66 3.73 X X 13.33 X 7.89 X 7.27 X 
- 8.78 5.81 X X 7.57 X X 3.67 3.76 X X 13.29 X 7.83 X 7.02 X 
13.54 8.79 5.73 X X 7.56 X X 3.60 3.75 X X 13.30 X 7.85 X 7.23 X 
- 8.78 X X X 7.53 X X 3.70 X X X X X 7.80 X 7.27 X 
12.97 X X X X X X X X X X X X X X X X X 
- 8.81 X X X 7.55 X X 3.66 3.70 X X X X 7.85 X 7.14 X 
X X X X X X X X X 3.67 X X X X X X X X 
13.56 8.80 X X X 7.58 X X 3.61 3.72 X X X X 7.86 X 7.08 X 
X 8.79 X X X X X X X X X X X X X X X X 
X X X X X 7.56 X X X 3.66 X X X X X X X X 
- 8.74 X X X 7.61 X X 3.61 3.73 X X X X 7.82 X 7.18 X 
13.41 8.77 X X X 7.55 X X 3.65 3.68 X X X X 7.86 X 7.21 X 
X 8.71 X X X X X X X X X X X X 7.87 X X X 
X X X X X X X X X X X X X X X X X X 
X 8.76 5.77 X X 7.58 X X 3.62 X X X X X 7.84 X 7.31 X 
X 8.78 5.82 X X 7.59 X X 3.66 3.74 X X X X 7.84 X 7.25 X 
13.65 8.78 5.78 X X 7.58 X X 3.62 3.75 X X X X 7.85 X 7.09 X 
13.58 8.86 5.80 X X 7.55 X X 3.59 3.70 X X X X 7.80 X 7.25 X 
13.43 8.74 5.79 X X 7.56 X X 3.66 3.73 X X X X 7.88 X 7.24 X 
13.55 8.79 5.75 X X 7.54 X X 3.65 3.74 X X X X 7.81 X 7.23 X 
13.57 8.88 X X X 7.60 X X 3.62 3.73 X X X X 7.85 X 7.23 X 
13.36 8.83 5.78 X X 7.56 X X 3.70 3.74 X X X X 7.83 X 7.07 X 
13.13 8.82 5.79 X X 7.54 X X 3.59 3.68 X X X X 7.82 X 7.19 X 
13.42 8.81 5.78 X X 7.54 X X 3.67 3.75 X X 13.18 X 7.84 X 7.25 X 
13.35 8.80 5.71 X X 7.57 X X 3.65 3.77 X X 13.33 X 7.91 X 7.24 X 
X 8.70 5.80 X X 7.58 X X 3.62 3.79 X X 13.25 X 7.83 X 7.19 X 
13.39 8.87 5.73 X X 7.55 X X 3.67 3.69 X X 13.30 X 7.85 X 7.27 X 
X 8.74 5.72 X X 7.59 X X 3.59 3.73 X X 13.26 X 7.82 X 7.22 X 
13.54 8.76 5.76 X X 7.58 X X 3.71 3.78 X X 13.28 X - X 7.22 X 
13.45 8.79 5.73 X X 7.60 X X 3.59 3.75 X X 13.30 X 7.84 X 7.24 X 
13.58 8.78 5.72 X X 7.59 X X 3.69 3.73 X X 13.28 X 7.82 X 7.29 X 
X 8.77 5.72 X X 7.59 X X 3.66 3.72 X X 13.32 X 7.85 X 7.15 X 
- 8.83 5.82 X X 7.51 X X 3.70 3.74 X X 13.22 X 7.81 X 7.19 X 
13.52 8.69 5.78 X X 7.56 X X 3.65 3.71 X X 13.29 X 7.89 X 7.13 X 
13.49 8.84 5.78 X X 7.55 X X 3.68 3.73 X X 13.23 X 7.86 X 7.12 X 
13.43 8.78 5.75 X X 7.53 X X 3.66 3.69 X X 13.29 X 7.83 X 7.18 X 
X X X X X X X X X X X X X X X X X X 
X 8.86 X X X X X X X X X X X X 7.83 X X X 
X 8.80 X X X X X X X X X X 13.28 X 7.81 X X X 
X 8.81 X X X X X X X X X X 13.27 X 7.95 X X X 
X X X X X X X X X X X X 13.17 X 7.89 X X X 
X 8.95 X X X X X X X X X X 13.20 X 7.79 X X X 
X 8.11 X X X X X X X X X X 13.18 X 7.93 X X X 
X 9.75 X X X X X X X X X X 13.26 X 7.86 X X X 
X 8.57 X X X X X X X X X X 13.23 X 8.03 X X X 
X 9.23 X X X X X X X X X X 13.26 X 7.87 X X X 
X 8.53 X X X X X X X X X X 13.29 X 7.81 X X X 
X - X X X X X X X X X X 13.29 X 7.82 X X X 
X 8.85 X X X X X X X X X X 13.28 X 7.89 X X X 
X 9.55 X X X X X X X X X X 13.29 X 7.85 X X X 
X 8.76 X X X X X X X X X X 13.26 X 7.84 X X X 
X 8.75 X X X X X X X X X X 13.20 X 8.04 X X X 
X - X X X X X X X X X X 13.28 X 7.79 X X X 
X 8.71 X X X X X X X X X X 13.31 X 7.87 X X X 
X 8.86 X X X X X X X X X X 13.29 X 7.86 X X X 
X 8.83 X X X X X X X X X X 13.32 X 7.80 X X X 
X 8.87 X X X X X X X X X X 13.27 X 7.55 X X X 
X 8.83 X X X X X X X X X X 13.32 X 7.88 X X X 
X 8.81 X X X X X X X X X X 13.34 X 7.77 X X X 
X 8.81 X X X X X X X X X X 13.38 X 7.82 X X X 
X 8.81 X X X X X X X X X X 13.26 X 7.85 X X X 
X 8.87 X X X X X X X X X X 13.36 X 7.79 X X X 
- 8.80 - X X - X X 3.66 - X X 13.33 X 7.91 X 7.14 X 
X X X X X X X X X X X X X X X X X X 
X X X X X X X X X X X X X X X X X X 
13.56 X X X X X X X X X X X X X 7.79 X X X 
- X X X X X X X X X X X X X 7.86 X X X 
X X X X X X X X X X X X X X 7.83 X X X 
X X X X X X X X X X X X X X 7.81 X X X 
X X X X X X X X X X X X X X 7.81 X X X 
X X X X X X X X X X X X X X 7.82 X X X 
X X X X X X X X X X X X X X 7.83 X X X 
X X X X X X X X X X X X X X 7.81 X X X 
X X X X X X X X X X X X X X 7.85 X X X 
X X X X X X X X X X X X X X 7.78 X X X 
X X X X X X X X X X X X X X 7.83 X X X 
X X X X X X X X X X X X X X 7.89 X X X 
X X X X X X X X X X X X X X 7.83 X X X 
X X X X X X X X X X X X X X 7.89 X X X 
- X X X X X X X X X X X X X 7.78 X X X 
X X X X X X X X X X X X X X 7.91 X X X 
X X X X X X X X X X X X X X 7.86 X X X 
X X X X X X X X X X X X X X X X X X 
12.81 X X X X X X X X X X X X X X X X X 
X X X X X X X X X X X X X X X X X X 
X X X X X X X X X X X X X X X X X X 
X X X X X X X X X X X X X X X X X X 
X X X X X X X X X X X X X X X X X X 
X X X X X X X X X X X X X X X X X X 
X X X X X X X X X X X X X X X X X X 
- X X X X X X X X X X X X X X X X X 
X X X X X X X X X X X X X X X X X X 
X 8.79 X X X X X X X 3.70 X X X X X X X X 
- 8.85 X X X X X X X 3.74 X X X X X X X X 
X 8.78 X X X X X X X 3.69 X X X X X X 7.17 X 
X
