X X X X X X X X X X X X X X X X X X 
X X X X X X X X X 9.08 X X 8.48 X X X X X 
X X X X X X X X X 9.07 X X 8.50 X X X X X 
X X X X X X X X X 9.07 X X 8.57 X X X X X 
X X X X X X X X X 2.86 4.32 X X X X X 7.81 9.66 X X X X 3.95 X X X 
X 2.89 4.37 X X 13.03 X X 7.64 9.67 X X X X 3.89 X X X 
7.85 X 4.33 X X 12.95 X X 7.86 9.61 X X X X 3.89 X X X 
7.84 X 4.30 X X 12.97 X X 7.67 9.62 X X X X 3.90 X 7.75 X 
7.89 X 4.33 X X 13.03 X X 7.65 9.58 X X X X 3.96 X 7.74 X 
X X X X X X X X X 9.64 X X X X X X X X 
7.84 X 4.32 X X 13.04 X X 7.80 9.57 X X X X 3.92 X 7.76 X 
7.84 - 4.33 X X 12.99 X X 7.81 9.58 X X X X 3.94 X X X 
7.82 2.92 4.40 X X 13.06 X X 7.74 9.60 X X X X 3.92 X X X 
7.93 X 4.34 X X 12.98 X X 7.95 9.62 X X X X 3.83 X X X 
X X X X X X X X X X X X X X X X X X 
7.87 2.96 X X X 12.96 X X 7.74 9.66 X X X X 3.96 X X X 
7.76 2.87 4.38 X X 13.03 X X 7.80 9.55 X X X X 3.98 X X X 
7.89 2.88 4.36 X X 13.04 X X 7.88 9.57 X X X X 3.90 X 7.78 X 
7.90 2.88 4.34 X X X X X 7.84 9.62 X X X X 3.94 X X X 
7.93 2.89 4.32 X X 13.03 X X 7.93 9.64 X X X X 3.96 X X X 
7.92 2.82 4.32 X X 13.03 X X 7.80 9.57 X X X X 3.90 X 7.74 X 
X 2.89 4.41 X X 13.04 X X 7.84 9.61 X X 8.55 X 3.95 X 7.72 X 
7.86 2.91 4.40 X X 13.01 X X 7.73 9.57 X X X X 3.82 X X X 
7.83 2.95 4.39 X X 13.00 X X 7.76 9.60 X X X X 3.89 X X X 
7.81 2.90 4.36 X X 12.98 X X 7.78 9.67 X X X X 3.90 X 7.74 X 
7.88 2.88 4.37 X X 12.98 X X 7.71 9.69 X X X X 3.83 X 7.70 X 
7.87 2.91 4.37 X X 13.00 X X 7.61 9.67 X X X X 3.83 X 7.69 X 
7.86 2.91 4.38 X X 13.04 X X 7.88 9.64 X X X X 3.90 X X X 
7.84 2.92 4.36 X X 13.04 X X 7.74 9.60 X X X X 3.93 X X X 
7.82 2.87 4.34 X X 13.01 X X 7.81 9.63 X X 8.42 X 3.95 X X X 
7.86 2.92 4.37 X X 13.06 X X 7.85 9.65 X X X X 3.91 X 7.78 X 
7.80 2.90 4.30 X X 13.06 X X 7.87 9.61 X X X X 3.89 X X X 
7.87 2.88 4.31 X X 13.01 X X 7.75 9.60 X X X X 3.83 X X X 
7.83 2.92 4.37 X X 12.99 X X 7.83 9.61 X X X X 3.89 X X X 
7.80 X 4.30 X X 12.99 X X 7.76 9.63 X X X X 3.84 X X X 
7.87 2.90 4.33 X X 12.97 X X 7.81 9.58 X X X X 3.85 X X X 
7.87 2.90 4.38 X X 12.99 X X 7.86 9.54 X X 8.50 X 3.90 X X X 
7.79 2.90 4.37 X X 13.00 X X 7.65 9.54 X X X X 3.93 X 7.73 X 
7.84 2.89 4.40 X X 12.97 X X 7.82 9.67 X X X X 3.95 X X X 
7.81 2.86 4.33 X X 13.00 X X 7.72 9.63 X X X X 3.92 X X X 
7.88 2.90 4.30 X X 13.03 X X 7.75 9.62 X X X X 3.93 X X X 
X 2.80 4.33 X X 13.01 X X 7.84 9.65 X X X X 3.89 X X X 
X 2.87 4.38 X X 13.00 X X 7.96 9.60 X X X X 3.90 X 7.70 X 
7.87 2.84 4.38 X X 13.03 X X 7.83 9.65 X X X X 3.99 X X X 
X X 4.38 X X 13.01 X X 7.87 9.64 X X X X 3.87 X X X 
7.81 2.83 4.40 X X 13.02 X X 7.86 9.67 X X X X 3.96 X X X 
7.80 2.90 4.36 X X 12.99 X X 7.84 9.60 X X 8.57 X 3.94 X X X 
7.79 2.86 4.33 X X 13.02 X X 7.77 9.60 X X X X 3.90 X X X 
X X 4.39 X X 12.94 X X 7.88 9.61 X X X X 3.92 X X X 
7.86 X 4.35 X X 12.96 X X 7.80 9.62 X X X X 3.95 X X X 
7.95 2.89 4.39 X X 13.00 X X 7.91 9.67 X X X X - X 7.74 X 
7.71 2.85 4.38 X X 13.01 X X 8.05 9.65 X X X X 3.86 X X X 
7.91 2.89 4.39 X X 13.01 X X 7.95 9.60 X X X X 3.99 X 7.71 X 
7.82 2.86 4.37 X X 13.06 X X 7.78 9.63 X X X X 3.98 X X X 
7.82 2.91 4.35 X X 13.00 X X 7.84 9.60 X X X X 3.93 X 7.81 X 
7.87 2.91 4.39 X X 13.02 X X 7.82 9.67 X X X X 3.92 X X X 
7.74 2.89 4.36 X X 12.93 X X 7.82 9.50 X X X X 3.93 X X X 
7.81 2.91 - X X 13.00 X X 7.91 9.67 X X X X 3.94 X X X 
7.85 2.90 4.40 X X 13.03 X X 7.76 9.68 X X X X X X X X 
7.84 2.92 4.37 X X 13.06 X X 7.88 9.70 X X X X 3.95 X X X 
X 2.89 4.32 X X 13.02 X X 7.83 9.56 X X X X 3.99 X X X 
X 2.86 4.34 X X 13.00 X X 7.88 9.57 X X X X 3.93 X X X 
X 2.91 4.40 X X 12.97 X X 7.80 9.59 X X 8.45 X 3.91 X X X 
7.77 2.94 4.36 X X 13.03 X X 7.83 9.63 X X X X 3.92 X X X 
7.88 2.91 4.32 X X 13.00 X X 7.87 9.64 X X X X 3.96 X X X 
X 2.90 4.41 X X 12.97 X X 7.82 9.55 X X X X 3.99 X 7.81 X 
7.93 2.88 4.32 X X 13.04 X X 7.94 9.68 X X X X 3.93 X X X 
7.84 2.89 4.40 X X 13.00 X X 7.85 9.63 X X X X 3.98 X X X 
7.94 2.90 4.37 X X 13.01 X X 7.80 9.64 X X X X 4.01 X X X 
7.93 2.88 4.32 X X 13.03 X X 7.83 9.59 X X X X 3.95 X X X 
7.92 2.87 4.38 X X X X X 7.85 9.56 X X X X 3.87 X 7.68 X 
7.76 2.90 4.37 X X 13.06 X X 7.90 9.63 X X X X 3.99 X X X 
7.81 2.84 4.37 X X 13.03 X X 7.96 9.61 X X X X 3.94 X 7.74 X 
X 2.86 4.34 X X 12.96 X X 7.93 9.57 X X X X 3.92 X X X 
7.82 2.93 4.36 X X 13.07 X X 7.92 9.61 X X X X 3.90 X X X 
7.84 2.90 4.39 X X 13.06 X X 7.17 9.57 X X 8.59 X 3.92 X 7.67 X 
7.86 2.91 4.31 X X 13.06 X X 7.94 9.55 X X 8.56 X 3.95 X X X 
7.86 2.87 4.27 X X 13.03 X X 7.92 9.58 X X 8.52 X 3.90 X 7.68 X 
X 2.81 4.34 X X 12.98 X X 7.85 9.64 X X 8.60 X 3.91 X X X 
7.75 2.90 4.30 X X 13.03 X X 7.89 9.54 X X X X 3.92 X 7.72 X 
7.79 2.89 4.32 X X X X X 7.82 9.60 X X 8.54 X 3.93 X X X 
X 2.83 4.36 X X 13.00 X X 7.87 9.59 X X 8.52 X 3.94 X 7.74 X 
7.88 2.91 4.31 X X 13.04 X X 7.87 9.52 X X 8.62 X 3.93 X 7.78 X 
X 2.83 4.32 X X 13.05 X X X 9.58 X X X X 3.89 X 7.74 X 
7.87 2.96 4.34 X X 13.06 - X 7.85 9.62 X X 8.53 X 3.89 X X X 
7.82 2.91 4.34 X X 13.04 X X 7.87 9.58 X X 8.52 X 3.88 X X X 
X X X X X X X X X X X X X X X X X X 
7.91 X 4.35 X X 13.08 10.83 X 7.87 9.61 X X X X 3.87 X X X 
X X 4.34 X X 13.04 X X 7.81 9.58 X X X X 3.87 X 7.73 X 
X X 4.35 X X 13.05 X X 7.76 9.68 X X X X 3.92 X X X 
7.91 X 4.31 X X 13.00 X X 7.87 9.63 X X X X 3.90 X X X 
X X 4.33 X X 13.01 X X 7.87 9.62 X X X X 3.89 X X X 
X X 4.28 X X 13.01 X X 7.89 9.54 X X X X 3.90 X X X 
7.88 X 4.34 X X 13.04 X X 7.89 9.55 X X X X 3.96 X 7.79 X 
7.87 X 4.35 X X 13.02 X X 7.81 9.54 X X X X 3.95 X X X 
7.89 X 4.31 X X 13.06 X X 7.75 9.61 X X X X 3.92 X X X 
X X 4.31 X X 13.04 X X 7.87 9.59 X X X X 3.91 X 7.78 X 
X X 4.33 X X 12.98 X X 7.80 9.60 X X X X - X X X 
X X 4.31 X X 13.04 X X 7.81 9.62 X X X X 3.91 X X X 
X