X 10.37 X X X X X X 10.02 9.03 X X X X 11.24 X X X 
X X X X X X X X X X X X X X 11.25 X X X 
X 10.43 11.02 X X 7.97 X X 9.X X X X X X X X 10.09 X X X X X 11.23 X 13.02 X 
X 10.44 X X X X X X 10.04 X X X X X 11.24 X X X 
X 10.72 X X X 7.99 X X 10.04 X X X X X 11.28 X X X 
X X X X X 7.96 X X 10.13 X X X X X 11.32 X 12.98 X 
X X X X X 7.90 X X X X X X X X 11.28 X 12.98 X 
X X X X X X X X 10.13 X X X X X 11.30 X 13.03 X 
X X X X X X X X 10.08 X X X X X 11.30 X X X 
X X X X X 7.99 X X 10.02 X X X X X 11.27 X 13.02 X 
X X X X X 8.00 X X X X X X 11.18 X 11.30 X X X 
X X X X X 8.02 X X 10.14 X X X X X 11.29 X X X 
12.72 10.49 X X X 8.00 X X 10.09 X X X X X 11.24 X X X 
12.62 11.73 X X X 7.93 X X 10.11 X X X X X 11.27 X 13.00 X 
X 10.42 10.60 X X 7.95 X X 10.08 X X X X X 11.30 X X X 
X 10.93 X X X X X X 10.14 7.96 X X X X 11.27 X X X 
X X 10.88 X X X X X 10.17 X X X X X 11.26 X X X 
X X X X X 8.01 X X X 8.03 X X X X 11.30 X X X 
X 10.51 10.99 X X X X X 10.09 8.04 X X X X 11.29 X 13.07 X 
X 10.37 10.95 X X X 4.17 X 10.05 8.07 X X X X 11.24 X X X 
X X X X X X X X 10.11 8.06 X X X X 11.24 X 12.97 X 
X - X X X X X X 10.09 8.09 X X X X 11.24 X X X 
X 10.46 10.79 X X 7.99 X X 10.13 X X X X X 11.24 X X X 
X X 10.85 X X 7.99 X X X 7.93 X X X X 11.22 X X X 
X X 10.81 X X 7.98 X X 10.06 8.04 X X X X 11.28 X X X 
X X 10.87 X X 7.93 X X X 8.05 X X X X X X X X 
X 10.47 X X X X X X 10.15 7.94 X X X X 11.28 X 13.04 X 
X 10.67 10.87 X X X X X X 8.05 X X X X 11.26 X X X 
X X 10.73 X X 7.99 X X X 7.94 X X X X 11.25 X 12.99 X 
X X 10.88 X X 7.98 X X 10.07 8.08 X X X X 11.30 X X X 
X X X X X X X X 10.09 X X X X X 11.22 X X X 
X 10.20 X X X 7.91 X X X X X X X X 11.26 X 13.00 X 
X 10.48 X X X 7.95 X X 10.14 X X X X X 11.23 X X X 
X 10.67 X X X X X X X X X X X X 11.25 X 13.07 X 
X 10.96 X X X 8.02 X X 10.11 8.01 X X X X 11.26 X X X 
12.56 10.47 10.81 X X X X X X 7.97 X X X X 11.30 X X X 
X X X X X X X X X X X X X X X X 13.10 X 
X 12.53 10.97 X X X X X X 8.05 X X X X 11.30 X X X 
X 10.45 10.90 X X X X X X 8.03 X X X X 11.31 X 13.04 X 
X X 10.88 X X X X X 10.05 8.03 X X X X 11.33 X X X 
X X 11.11 X X X X X 10.15 8.03 X X X X 11.26 X X X 
X X 10.78 X X 7.98 X X 10.07 X X X X X 11.28 X 13.03 X 
X X X X X 7.95 X X X 8.12 X X X X 11.21 X 13.09 X 
X 10.41 10.80 X X X X X 10.10 7.96 X X X X 11.24 X X X 
X 10.49 10.95 X X 8.03 X X X 8.02 X X X X 11.22 X X X 
X X 10.66 X X X X X X X X X X X X X X X 
X X X X X X X X 10.09 8.00 X X X X X X X X 
X 11.85 10.67 X X X X X 10.08 8.05 X X X X 11.33 X X X 
X 11.26 10.74 X X X X X 10.07 7.99 X X X X 11.24 X X X 
X 12.60 10.87 X X X X X X 7.94 X X X X 11.24 X 13.02 X 
X 12.51 10.85 X X 7.97 X X 10.07 8.02 X X X X X X 13.05 X 
X 11.23 10.56 X X X X X 10.16 7.96 X X X X 11.25 X X X 
X X 10.81 X X 7.93 X X X 8.10 X X X X X X X X 
X X 10.89 X X 7.74 X X X 8.01 X X X X 11.28 X X X 
X X 10.87 X X 7.92 X X 10.09 7.90 X X X X 11.27 X X X 
X X 10.85 X X X X X 10.02 7.96 X X X X 11.29 X X X 
X 12.49 10.77 X X X X X 10.16 7.95 X X X X 11.25 X X X 
12.67 12.67 10.65 X X X X X X X X X X X 11.28 X X X 
X X 10.78 X X X X X X 8.03 X X X X 11.18 X X X 
X X X X X X X X 10.04 8.05 X X X X X X X X 
X X 10.74 X X X X X X X X X X X 11.23 X X X 
X X X X X X X X X 7.95 X X X X 11.24 X 13.04 X 
X X 10.86 X X X X X 10.09 7.97 X X X X 11.30 X 12.97 X 
X X X X X X X X 10.06 X X X X X 11.23 X X X 
X 10.37 X X X 7.90 X X 10.03 X X X X X 11.20 X X X 
X X 10.57 X X X X X X X X X X X 11.29 X 12.98 X 
X 10.36 10.46 X X X X X 10.01 8.09 X X X X 11.22 X X X 
X 10.41 10.64 X X 7.95 X X X X X X X X 11.29 X X X 
X 10.44 10.82 X X X X X 10.08 8.87 X X 11.35 X 11.25 X X X 
X X 10.93 X X 7.82 X X 10.07 9.44 X X X X 11.26 X X X 
X 10.38 11.07 X X X X X X X X X X X 11.27 X X X 
X X X X X 7.88 X X X 8.01 X X 11.32 X 11.32 X X X 
X 10.37 10.86 X X X X X 10.00 X X X X X 11.29 X X X 
X 10.43 X X X X X X 10.01 9.51 X X 11.42 X 11.30 X X X 
X 10.35 10.64 X X X X X 10.52 8.33 X X X X 11.29 X X X 
X 10.41 11.16 X X X X X X 8.01 X X X X 11.22 X X X 
X 10.38 10.85 X X 7.85 X X 10.50 8.09 X X X X 11.25 X X X 
X X X X X 7.82 X X 10.40 7.90 X X X X 11.26 X 13.07 X 
X 10.39 10.70 X X X X X 9.83 X X X 11.43 X 11.19 X X X 
X 10.41 10.78 X X X X X 9.82 8.04 X X X X 11.25 X X X 
X 10.38 10.99 X X X X X X X X X X X 11.21 X 13.14 X 
X 10.37 10.80 X X 7.88 X X X X X X X X 11.25 X 12.99 X 
X X 10.71 X X X X X 9.97 8.13 X X X X 11.16 X 13.02 X 
X X - X X 7.89 X X 10.32 X X X X X 11.17 X X X 
X X X X X 7.92 X X 10.12 7.99 X X X X 11.23 X X X 
X