X 10.33 10.69 X X 7.89 X X 9.95 8.11 X X X X 11.19 X X X 
X X X X X X X X 10.11 8.07 X X X X 11.18 X X X 
X X 10.71 X X 7.96 X X X X X X X X 11.19 X X X 
X 10.39 11.06 X X 7.90 X X 109.97 X X 8.33 X X 9.56 7.80 X X 10.79 X 10.38 X 12.36 X 
11.90 9.57 10.13 X X 8.35 X X 9.54 7.81 X X 10.74 X 10.39 X 12.35 X 
11.95 9.60 10.19 X X 8.32 X X 9.61 8.02 X X 10.81 X 10.37 X 12.36 X 
12.01 9.58 10.11 X X 8.31 X X 9.47 7.96 X X 10.76 X 10.35 X 12.28 X 
11.80 9.59 9.62 X X X X X 9.59 7.84 X X 10.75 X 10.41 X 12.34 X 
X X X X X 8.32 X X 9.49 X X X X X X X X X 
12.02 X 10.06 X X 8.33 X X X 7.81 X X 10.75 X 10.38 X 12.35 X 
12.02 9.68 X X X 8.31 X X 9.56 7.80 X X 10.76 X 10.41 X 12.36 X 
12.02 9.57 10.10 X X 8.29 X X 9.56 8.13 X X 10.76 X 10.41 X 12.37 X 
12.03 9.59 10.18 X X 8.29 X X 9.51 8.29 X X 10.69 X 10.36 X 12.30 X 
11.97 9.60 10.04 X X 8.25 X X 9.58 7.90 X X 10.77 X 10.38 X 12.32 X 
11.98 9.55 10.08 X X 8.28 X X 9.50 7.88 X X 10.73 X 10.38 X 12.42 X 
12.00 9.68 10.06 X X 8.29 X X 9.53 8.31 X X 10.75 X 10.40 X 12.37 X 
11.96 9.61 10.24 X X 8.28 X X 9.52 7.86 X X 10.70 X 10.35 X 12.36 X 
12.01 9.46 10.10 X X 8.33 X X 9.49 8.07 X X 10.76 X 10.40 X 12.40 X 
12.04 9.43 10.10 X X 8.32 X X 9.52 7.89 X X 10.75 X 10.37 X 12.35 X 
12.05 9.58 10.17 X X 8.32 X X X X X X 10.77 X - X 12.39 X 
12.06 9.63 10.25 X X 8.27 X X X 7.90 X X 10.74 X 10.36 X 12.36 X 
- 9.61 10.14 X X 8.33 X X X 7.86 X X 10.76 X 10.43 X 12.40 X 
12.02 9.57 9.95 X X 8.32 X X X 7.83 X X 10.81 X 10.40 X 12.35 X 
12.02 9.53 10.12 X X 8.29 X X 9.47 8.33 X X 10.68 X 10.40 X 12.35 X 
11.97 9.54 10.07 X X 8.33 X X 9.58 7.99 X X 10.73 X 10.34 X 12.37 X 
12.09 9.55 10.16 X X 8.31 X X 9.54 7.90 X X 10.76 X 10.40 X 12.36 X 
11.99 9.44 10.08 X X 8.28 X X 9.55 7.88 X X 10.80 X 10.35 X 12.34 X 
11.99 9.61 10.00 X X 8.30 X X 9.60 X X X 10.73 X 10.41 X 12.28 X 
11.94 9.54 10.26 X X 8.33 X X 9.62 7.77 X X 10.79 X 10.40 X 12.32 X 
11.97 9.50 10.60 X X 8.22 X X 9.50 7.96 X X 10.82 X 10.36 X 12.29 X 
12.00 9.60 10.07 X X 8.31 4.68 X 9.52 7.88 X X 10.76 X 10.40 X 12.34 X 
- 9.58 10.11 X X 8.25 4.68 X 9.55 7.76 X X 10.74 X 10.35 X 12.38 X 
11.98 9.47 10.01 X X 8.34 X X 9.59 7.85 X X 10.74 X 10.36 X 12.29 X 
12.03 9.45 9.99 X X 8.33 X X 9.62 8.22 X X 10.74 X 10.32 X 12.37 X 
- 9.52 10.01 X X 8.24 X X 9.60 7.80 X X 10.76 X 10.36 X 12.33 X 
12.02 9.47 10.12 X X 8.30 X X 9.50 7.88 X X 10.69 X 10.36 X 12.35 X 
11.94 9.61 10.03 X X 8.34 X X 9.60 7.93 X X 10.74 X 10.42 X 12.39 X 
11.97 9.58 9.94 X X 8.36 X X 9.57 7.82 X X 10.72 X 10.38 X 12.34 X 
12.01 9.68 9.99 X X 8.30 X X 9.52 7.84 X X 10.70 X 10.38 X 12.37 X 
12.00 9.57 10.13 X X 8.31 X X 9.53 7.77 X X 10.72 X 10.40 X 12.36 X 
11.98 9.63 10.19 X X 8.34 X X 9.49 7.81 X X 10.84 X 10.39 X 12.31 X 
12.03 9.62 10.13 X X 8.23 X X 9.59 8.25 X X 10.78 X 10.33 X 12.34 X 
11.98 9.53 10.11 X X 8.32 X X 9.58 7.96 X X 10.78 X 10.36 X 12.35 X 
11.98 9.58 10.07 X X 8.28 X X 9.45 7.72 X X 10.74 X 10.37 X 12.37 X 
12.00 9.53 10.14 X X 8.27 X X 9.49 7.73 X X 10.78 X 10.40 X 12.34 X 
X 9.40 10.13 X X 8.33 X X 9.55 7.83 X X 10.75 X 10.38 X 12.35 X 
11.99 9.64 10.13 X X 8.30 X X 9.60 7.76 X X 10.77 X 10.42 X 12.35 X 
- 9.51 10.17 X X 8.37 X X 9.57 7.85 X X X X 10.34 X 12.36 X 
12.04 X 10.18 X X 8.33 X X 9.50 7.91 X X 10.78 X 10.35 X 12.37 X 
11.92 9.48 10.18 X X 8.32 X X 9.59 7.87 X X 10.77 X 10.38 X 12.32 X 
X X X X X X X X X X X X X X X X X X 
12.02 9.48 10.16 X X 8.27 X X X 7.93 X X 10.79 X 10.37 X X X 
11.96 9.52 10.54 X X 8.33 X X 9.56 7.93 X X 10.75 X 10.40 X 12.35 X 
12.03 9.71 10.20 X X 8.31 X X 9.52 7.91 X X 10.75 X 10.38 X 12.35 X 
- 9.57 10.24 X X 8.32 X X 9.57 7.66 X X 10.75 X 10.41 X 12.30 X 
11.98 9.66 9.42 X X 8.36 X X 9.53 8.28 X X 10.75 X 10.38 X 12.39 X 
12.03 9.49 10.15 X X 8.30 X X 9.54 7.85 X X 10.79 X 10.39 X 12.31 X 
11.97 9.53 9.67 X X 8.28 X X 9.52 7.80 X X 10.69 X 10.33 X 12.39 X 
12.04 9.49 9.99 X X 8.29 X X 9.54 7.85 X X 10.75 X 10.36 X 12.30 X 
12.06 9.54 10.22 X X 8.31 X X 9.58 7.81 X X 10.74 X 10.36 X 12.34 X 
11.99 9.58 10.09 X X 8.29 X X 9.54 7.85 X X 10.73 X 10.42 X 12.38 X 
11.96 9.44 10.13 X X 8.25 X X 9.53 7.91 X X 10.80 X 10.38 X 12.30 X 
12.06 9.62 10.05 X X 8.26 X X 9.52 7.67 X X 10.74 X 10.39 X 12.31 X 
12.00 9.56 10.09 X X 8.25 X X 9.58 7.88 X X 10.71 X 10.35 X 12.30 X 
12.04 9.54 9.98 X X 8.28 X X 9.57 7.79 X X 10.70 X 10.37 X 12.32 X 
12.11 9.52 9.73 X X 8.26 X X 9.46 7.87 X X 10.67 X 10.36 X 12.38 X 
11.56 9.52 10.02 X X 8.23 X X 9.60 7.83 X X 10.71 X 10.36 X 12.33 X 
11.62 9.54 10.26 X X 8.28 X X 9.56 7.90 X X 10.78 X 10.38 X 12.38 X 
12.02 9.49 9.95 X X 8.23 X X 9.55 7.84 X X 10.77 X 10.34 X 12.39 X 
12.07 9.48 9.47 X X 8.29 X X 9.58 7.81 X X 10.80 X 10.45 X 12.36 X 
X 9.50 9.99 X X 8.25 X X 9.54 7.80 X X 10.75 X 10.39 X 12.38 X 
X 9.42 10.17 X X 8.24 X X 9.62 7.82 X X 10.72 X 10.37 X 12.32 X 
12.03 9.45 9.95 X X 8.27 X X 9.57 7.87 X X 10.83 X 10.45 X 12.38 X 
12.06 9.51 9.69 X X 8.24 X X 9.53 7.78 X X 10.78 X 10.36 X 12.37 X 
- 9.50 10.01 X X - X X 9.60 7.77 X X 10.68 X 10.36 X 12.36 X 
- 9.50 10.06 X X 8.19 X X 9.62 7.87 X X 10.72 X 10.43 X 12.33 X 
12.07 9.45 9.53 X X 8.23 X X 9.55 7.92 X X 10.74 X 10.36 X 12.29 X 
12.04 9.52 10.06 X X 8.17 X X 9.60 7.87 X X 10.74 X 10.36 X 12.27 X 
12.03 9.48 9.92 X X 8.19 X X 9.56 7.73 X X 10.70 X 10.34 X 12.34 X 
12.09 9.47 9.92 X X 8.26 X X 9.56 7.91 X X 10.74 X 10.41 X 12.33 X 
12.12 9.48 10.03 X X 8.20 X X 9.57 7.97 X X 10.80 X 10.37 X 12.33 X 
12.03 9.58 10.19 X X 8.24 X X 9.49 7.80 X X 10.77 X 10.36 X 12.34 X 
X 9.54 10.04 X X 8.25 X X 9.52 7.81 X X 10.72 X 10.41 X 12.30 X 
12.04 9.60 9.64 X X 8.19 X X 9.55 7.92 X X 10.81 X 10.38 X 12.37 X 
11.98 9.47 10.55 X X 8.24 X X 9.58 7.77 X X 10.75 X 10.37 X 12.32 X 
12.02 9.52 10.20 X X 8.25 X X 9.50 7.89 X X 10.74 X 10.34 X 12.30 X 
12.00 9.46 10.16 X X 8.25 X X X 7.98 X X 10.81 X 10.42 X 12.37 X 
11.89 9.56 9.98 X X X X X 9.57 7.83 X X 10.80 X 10.37 X 12.31 X 
12.03 9.55 10.03 X X 8.33 X X 9.50 7.84 X X 10.76 X 10.41 X 12.37 X 
12.04 9.59 10.02 X X 8.33 X X 9.51 7.78 X X 10.78 X 10.40 X 12.31 X 
12.06 9.55 10.06 X X 8.32 X X 9.56 7.84 X X 10.76 X 10.38 X 12.34 X 
12.08 9.56 10.14 X X 8.26 X X 9.53 7.77 X X 10.76 X 10.38 X 12.33 X 
12.01 9.54 10.08 X X 8.31 X X 9.53 7.94 X X 10.75 X 10.41 X X X 
12.10 9.58 10.12 X X 8.27 X X 9.55 8.06 X X 10.75 X 10.41 X 12.35 X 
12.01 9.58 9.93 X X 8.26 X X 9.58 7.72 X X 10.85 X 10.38 X 12.34 X 
12.01 9.58 10.21 X X 8.33 X X 9.57 7.96 X X 10.78 X 10.40 X 12.36 X 
- 9.57 10.15 X X 8.32 X X 9.55 7.89 X X 10.81 X 10.43 X 12.39 X 
11.97 9.49 10.10 X X 8.30 X X 9.56 7.81 X X 10.77 X 10.37 X 12.35 X 
X