X X X X X X X X X X X X X X X X X X 
X X 12.56 X X X X X X X X X X X X X X X 
X X X X X X X X X 8.78 X X X X X X X X 
X XX X X X X X X X 10.77 8.34 X X X X 12.17 X X X 
X X X X X 7.88 X X X X X X X X 12.18 X X X 
X X 11.80 X X X X X 10.70 8.33 X X X X 12.18 X 13.83 X 
X X 11.88 X X X X X 10.72 8.32 X X X X 12.17 X X X 
X 11.28 11.84 X X X X X 10.67 X X X X X 12.14 X X X 
X X X X X 7.81 X X 10.73 8.34 X X X X 12.14 X 13.82 X 
X 11.29 11.88 X X X X X 10.70 X X X X X X X X X 
X 11.43 11.80 X X X X X X 8.32 X X 12.03 X 12.16 X X X 
X 11.21 X X X 7.77 X X X 8.36 X X X X 12.13 X X X 
X 11.35 11.76 X X 7.65 X X 10.82 8.34 X X X X 12.16 X X X 
X 11.32 12.31 X X X - X 10.76 8.27 X X X X X X X X 
X X X X X 7.83 3.99 X 10.73 8.37 X X X X 12.16 X X X 
X 11.37 X X X X 4.05 X 10.73 8.44 X X X X 12.10 X 13.75 X 
X X 11.83 X X X 3.96 X 10.71 8.38 X X 11.94 X 12.12 X X X 
X 11.35 11.79 X X 7.80 X X 10.80 8.33 X X 12.02 X 12.16 X X X 
X 11.33 11.76 X X X X X X 8.40 X X X X 12.11 X X X 
X X X X X X X X 10.73 8.32 X X X X 12.13 X X X 
X X 11.84 X X X X X 10.69 8.33 X X X X 12.11 X X X 
X X 11.83 X X X X X X 8.33 X X X X 12.13 X X X 
X X X X X 7.82 X X 10.79 X X X X X 12.10 X X X 
X X 11.83 X X X X X 10.77 8.30 X X X X 12.14 X X X 
X 11.34 11.81 X X X X X X 8.37 X X X X 12.14 X 13.80 X 
X X 11.79 X X X X X 10.66 8.33 X X X X 12.16 X 13.84 X 
X X X X X X X X 10.70 8.42 X X X X 12.16 X X X 
X X 11.88 X X X X X 10.68 X X X X X 12.16 X X X 
X 11.26 11.82 X X X X X 10.83 8.42 X X X X 12.13 X X X 
X 11.14 11.87 X X X X X 10.77 X X X X X 12.16 X X X 
X 11.25 11.81 X X 7.76 X X 10.71 8.30 X X 12.03 X 12.12 X 13.83 X 
X X 11.80 X X 7.73 X X 10.78 8.43 X X X X X X X X 
X X 11.78 X X 7.77 X X 10.69 8.35 X X X X 12.21 X 13.75 X 
X X X X X X X X 10.77 X X X 11.97 X 12.16 X X X 
X 11.34 11.80 X X 7.77 X X 10.65 8.39 X X X X 12.15 X 13.86 X 
X X X X X X X X X 8.33 X X X X 12.14 X X X 
X 11.31 11.80 X X X X X 10.83 8.37 X X X X 12.17 X X X 
X 11.39 11.83 X X X X X X 8.34 X X X X 12.16 X 13.85 X 
X 11.32 11.89 X X X X X 10.73 8.34 X X X X 12.13 X 13.82 X 
X 11.28 11.75 X X 7.78 X X 10.73 8.35 X X X X 12.10 X X X 
X 11.38 12.32 X X X X X 10.72 8.40 X X X X 12.13 X 13.87 X 
X 11.39 11.84 X X 7.84 X X 10.70 X X X X X 12.18 X 13.86 X 
X 11.39 11.96 X X X X X 10.75 8.27 X X X X 12.16 X X X 
X X 11.77 X X X X X 10.75 8.37 X X X X 12.15 X 13.84 X 
X 11.30 11.85 X X X X X 10.76 8.39 X X X X 12.14 X X X 
X X X X X X X X X X X X X X X X X X 
X X 11.79 X X X X X 10.77 8.43 X X X X 12.14 X X X 
X 11.30 11.71 X X X X X 10.74 8.31 X X X X 12.14 X X X 
X X X X X 7.77 X X 10.79 8.38 X X X X 12.15 X X X 
X X 11.81 X X X X X X 8.38 X X X X 12.17 X X X 
X 11.45 11.81 X X X X X 10.77 8.34 X X X X 12.13 X X X 
X 11.34 11.77 X X X X X 10.76 8.40 X X X X 12.14 X 13.86 X 
X X X X X X X X 10.78 8.32 X X X X 12.16 X X X 
X 11.29 11.81 X X X X X 10.80 8.28 X X X X 12.12 X 13.90 X 
X X 11.83 X X X X X 10.68 8.35 X X X X 12.19 X X X 
X X X X X 7.78 X X 10.78 8.30 X X X X 12.16 X X X 
X X 12.40 X X X X X 10.80 8.29 X X X X 12.09 X X X 
X X X X X X X X X X X X X X 12.17 X X X 
X X X X X X X X 10.72 8.39 X X 11.99 X 12.20 X X X 
X 11.39 X X X X X X 10.66 8.41 X X X X X X X X 
X 11.28 11.82 X X X X X 10.78 8.36 X X X X 12.18 X X X 
X 11.38 11.88 X X 7.74 X X 10.78 8.32 X X 11.97 X 12.15 X X X 
X X X X X X X X 10.75 8.37 X X X X 12.16 X X X 
X X 11.84 X X X X X X 8.33 X X X X 12.15 X X X 
X 11.36 11.87 X X X X X X X X X 12.04 X X X 13.80 X 
X 11.49 11.88 X X X X X 10.78 8.43 X X X X 12.22 X 13.88 X 
X X 11.78 X X X X X 10.79 8.42 X X X X X X X X 
X X X X X X X X 10.66 8.41 X X X X 12.20 X X X 
X 11.39 11.86 X X X X X 10.76 8.37 X X X X 12.17 X X X 
X 11.37 11.83 X X 7.75 X X 10.78 8.38 X X X X 12.15 X X X 
X 11.37 X X X X X X 10.86 8.36 X X X X 12.14 X X X 
X X 11.82 X X 7.77 - X X X X X X X 12.11 X X X 
X X X X X 7.87 X X X X X X X X 12.14 X X X 
X 11.35 11.85 X X X X X X 8.38 X X 12.01 X 12.16 X X X 
X 11.41 11.69 X X X X X 10.72 8.32 X X X X 12.16 X X X 
X X X X X X X X 10.77 8.36 X X X X 12.21 X X X 
X X X X X X X X 10.77 8.38 X X X X 12.16 X X X 
X X 11.87 X X 7.68 X X 10.71 8.39 X X X X 12.13 X X X 
X X 11.84 X X X X X 10.82 8.41 X X X X 12.11 X 13.87 X 
X 11.31 11.81 X X X X X X 8.30 X X X X 12.16 X X X 
X X 11.82 X X 7.75 X X 10.80 8.44 X X X X X X X X 
X X X X X 7.80 X X X X X X 12.10 X 12.18 X X X 
X 11.21 11.75 X X 7.74 X X 10.70 8.54 X X 11.96 X 12.16 X X X 
X X 11.85 X X X X X X 8.41 X X X X 12.19 X 13.82 X 
X X 11.87 X X X X X 10.74 8.39 X X X X 12.12 X X X 
X 11.26 11.76 X X 7.58 X X X 8.43 X X X X 12.15 X X X 
X 11.24 11.80 X X 7.78 X X 10.72 8.29 X X X X 12.12 X X X 
X X 11.79 X X 7.79 X X 10.79 8.36 X X X X 12.15 X X X 
X X X X X X X X 10.72 8.39 X X 11.99 X 12.17 X X X 
X 11.26 11.80 X X X X X 10.73 8.31 X X X X 12.16 X X X 
X X X X X 7.78 X X X 8.31 X X X X 12.12 X X X 
X X 11.86 X X X X X 10.73 8.43 X X X X 12.15 X X X 
X X X X X 7.77 X X 10.72 8.32 X X X X 12.19 X 13.87 X 
X X 11.84 X X X X X 10.74 8.37 X X 11.98 X X X X X 
X X 11.93 X X 7.85 X X 10.63 8.40 X X X X 12.17 X 13.85 X 
X X 11.81 X X X X X 10.67 8.40 X X X X 12.14 X X X 
X X X X X X - X 10.77 8.42 X X X X 12.13 X X X 
X X X X X 7.68 X X 10.77 8.34 X X X X 12.14 X X X 
X 11.39 X X X X X X X 8.40 X X 11.99 X 12.19 X X X 
X X X X X 7.81 X X 10.73 8.33 X X X X 12.17 X X X 
X X X X X X X X X 8.33 X X X X 12.17 X X X 
X 11.31 X X X X X X 10.71 8.35 X X 11.95 X X X X X 
X 11.37 11.85 X X X X X 10.67 8.39 X X X X 12.15 X X X 
X X X X X 7.80 X X 10.68 8.41 X X X X 12.10 X X X 
X 11.39 11.79 X X 7.75 X X 10.75 8.39 X X X X 12.14 X X X 
X 11.30 11.84 X X X X X 10.77 8.42 X X X X 12.19 X X X 
X 11.39 X X X 7.93 X X 10.84 8.42 X X X X 12.15 X X X 
X 11.27 X X X 7.74 X X 10.75 8.40 X X X X 12.12 X X X 
X X X X X X X X 10.69 8.45 X X X X X X X X 
X 11.38 11.87 X X X X X 10.70 8.38 X X X X X X X X 
X 11.43 11.79 X X X X X 10.78 8.37 X X X X 12.10 X X X 
X X X X X 7.78 X X 10.84 8.29 X X X X 12.10 X X X 
X