X 8.63 X X X X X X 9.49 X X X 10.21 X 9.51 X X X 
X 8.55 X X X X X X 8.99 X X X X X 9.50 X X X 
X 8.61 X X X X X X X X X X 10.24 X 9.54 X X X 
X 8.61 X X X X X X 9.45 X X X X X 9.57 XX 7.76 8.41 X X X X X 8.53 7.63 X X X X 8.61 X X X 
10.62 7.82 X X X 9.14 X X 8.55 X X X X X 8.63 X X X 
X 7.77 8.37 X X 9.13 X X 8.54 7.63 X X X X 8.65 X 10.95 X 
X 7.75 8.36 X X X X X 8.61 X X X X X 8.67 X 10.87 X 
10.55 7.71 X X X X X X 8.57 7.75 X X X X 8.65 X X X 
X X X X X X X X X 7.75 X X X X 8.67 X X X 
10.56 7.76 8.48 X X 9.17 X X X X X X X X 8.63 X X X 
X 7.84 X X X 9.17 X X 8.57 X X X X X 8.58 X 10.95 X 
X X 8.41 X X X X X X 7.65 X X 9.69 X 8.61 X 10.93 X 
X 7.78 8.41 X X X X X 8.57 7.68 X X X X 8.69 X X X 
10.65 7.78 X X X 9.14 X X X 7.68 X X X X 8.65 X X X 
10.59 7.78 8.42 X X 9.17 X X 8.58 7.66 X X 9.68 X X X X X 
10.61 X 8.39 X X X X X X 7.71 X X X X 8.65 X 10.93 X 
10.62 7.83 8.43 X X 9.17 X X 8.53 X X X X X 8.66 X 10.94 X 
10.72 7.72 8.42 X X X X X 8.51 7.67 X X 9.67 X 8.67 X 10.90 X 
10.68 7.81 X X X 9.17 X X 8.61 7.69 X X X X 8.67 X - X 
10.61 7.78 X X X 9.16 X X 8.63 X X X X X 8.70 X 10.90 X 
X 7.78 8.40 X X 9.14 X X X X X X X X 8.67 X 10.91 X 
10.55 7.75 X X X 9.11 X X X 7.55 X X X X 8.69 X 10.89 X 
X X X X X X X X X X X X X X X X X X 
10.59 7.78 8.42 X X 9.16 X X X 7.62 X X X X 8.64 X X X 
10.59 X X X X X X X X X X X X X 8.68 X X X 
10.66 7.74 8.35 X X X X X 8.57 7.56 X X X X 8.66 X 10.87 X 
X X 8.34 X X 9.14 X X 8.52 X X X X X 8.67 X X X 
10.59 7.71 X X X 9.12 X X X X X X X X 8.66 X X X 
X 7.78 8.34 X X 9.14 - X 8.51 7.62 X X X X 8.62 X X X 
X 7.72 8.50 X X 9.17 X X X 7.59 X X X X 8.64 X 10.93 X 
X X 8.34 X X 9.16 X X 8.55 7.70 X X X X 8.57 X X X 
10.59 7.76 8.34 X X 9.23 X X 8.58 7.64 X X X X 8.65 X X X 
X 7.76 8.34 X X 9.17 X X 8.56 7.70 X X X X X X 10.99 X 
X 7.75 8.41 X X 9.14 X X X X X X X X 8.63 X 10.93 X 
10.61 7.73 8.38 X X X X X X X X X X X 8.63 X X X 
X X X X X X X X X X X X X X X X X X 
X X X X X X X X X X X X X X X X 10.94 X 
X X 8.38 X X X X X X X X X X X X X 10.92 X 
X X 8.42 X X 9.14 X X 8.55 X X X X X 8.58 X 10.92 X 
X 7.82 8.44 X X 9.12 X X 8.55 7.67 X X X X 8.63 X 10.96 X 
10.65 7.62 8.33 X X 9.18 X X 8.57 7.68 X X X X 8.67 X X X 
X 7.74 8.30 X X X X X 8.51 X X X X X 8.66 X 10.94 X 
X 7.78 8.31 X X X X X X X X X X X 8.62 X 10.94 X 
X 7.78 8.43 X X X X X 8.49 X X X 9.74 X 8.62 X 10.92 X 
X 7.68 8.36 X X 9.09 X X 8.49 X X X X X 8.67 X X X 
10.60 X 8.32 X X 9.23 X X X X X X X X 8.66 X X X 
X X X X X 9.18 X X 8.48 - X X X X 8.68 X 10.87 X 
X X 8.35 X X X X X 8.62 7.52 X X 9.69 X 8.67 X X X 
X X 8.37 X X X X X 8.57 X X X X X 8.61 X 10.90 X 
X X 8.40 X X 9.13 X X 8.58 7.70 X X X X 8.67 X X X 
X X 8.38 X X 9.17 X X 8.56 X X X 9.66 X 8.66 X 10.93 X 
10.57 7.85 8.36 X X 9.14 X X 8.50 7.67 X X X X 8.67 X 10.91 X 
10.51 7.83 X X X X X X 8.59 X X X X X 8.65 X 10.88 X 
10.59 7.83 8.38 X X 9.16 - X 8.45 X X X X X 8.65 X X X 
10.62 X 8.40 X X X X X X 7.75 X X X X 8.69 X X X 
X X X X X X X X X 7.63 X X X X 8.68 X 10.91 X 
X X X X X X X X X X X X X X X X X X 
10.61 X 8.39 X X X X X X X X X 9.69 X X X 10.93 X 
10.63 X - X X X X X X 7.66 X X X X 8.65 X 10.89 X 
X X X X X X X X X X X X 9.76 X X X X X 
X X X X X X X X X X X X X X X X X X 
10.65 X 8.37 X X X X X X 7.64 X X X X 8.68 X 10.85 X 
X X X X X X X X X 7.62 X X X X 8.67 X 10.90 X 
X X X X X X X X X X X X X X X X X X 
X X 8.39 X X X X X X X X X X X 8.67 X 10.94 X 
X X 8.39 X X X X X X 7.59 X X X X X X X X 
10.64 X 8.38 X X X X X X 7.69 X X X X 8.73 X 10.93 X 
X X 8.40 X X X X X X X X X X X 8.62 X 10.86 X 
X X X X X X X X X X X X X X X X X X 
10.66 X 8.34 X X X X X X X X X X X 8.69 X X X 
X X X X X X X X X X X X X X X X X X 
X X X X X X X X X X X X X X 8.56 X 10.94 X 
X X X X X X X X X X X X X X - X 10.89 X 
X X X X X X X X X X X X X X X X X X 
10.61 X X X X X X X X X X X X X X X 10.92 X 
10.69 X X X X X X X X X X X X X 8.63 X 10.90 X 
10.62 7.77 X X X X X X X X X X X X 8.70 X 10.90 X 
10.57 7.76 8.32 X X X X X X X X X X X 8.62 X 10.90 X 
X X X X X X X X X X X X X X X X X X 
X X X X X X X X X X X X X X X X X X 
X 7.76 8.33 X X X X X - X X X X X 8.67 X X X 
X X X X X X X X X X X X X X X X X X 
10.62 7.77 X X X X X X 8.50 X X X X X 8.65 X X X 
X X X X X X X X 8.55 X X X X X 8.66 X X X 
10.56 7.77 8.40 X X X X X 8.57 X X X X X 8.75 X X X 
10.65 7.75 X X X X X X 8.59 X X X X X 8.65 X X X 
10.55 7.77 8.31 X X X X X 8.47 X X X X X 8.70 X X X 
X X X X X X X X 8.56 X X X X X 8.74 X X X 
X X X X X X X X 8.48 X X X X X 8.67 X X X 
X 7.72 8.32 X X X X X 8.62 X X X X X 8.65 X X X 
X 7.77 8.35 X X X X X 8.52 X X X X X 8.68 X X X 
10.63 7.70 8.31 X X X X X 8.54 X X X X X 8.74 X X X 
X 7.72 8.37 X X X X X 8.50 X X X X X 8.73 X X X 
X 7.77 8.31 X X X X X X X X X X X 8.73 X X X 
10.62 7.73 8.31 X X X X X X X X X X X 8.70 X X X 
10.59 7.71 8.27 X X X X X X 7.61 X X X X 8.74 X X X 
10.57 7.71 X X X X X X 8.48 X X X X X 8.73 X X X 
10.64 7.78 8.41 X X X X X 8.58 7.65 X X X X 8.68 X X X 
10.66 7.75 8.36 X X X X X 8.50 7.62 X X X X 8.67 X X X 
X 7.73 X X X X X X 8.50 7.69 X X X X 8.71 X X X 
10.60 7.78 X X X X X X 8.60 7.65 X X X X 8.68 X X X 
X 7.72 8.39 X X X X X 8.46 X X X X X 8.63 X X X 
X 7.67 8.34 X X X X X 8.50 7.61 X X X X 8.67 X X X 
10.66 7.75 8.38 X X X X X 8.55 X X X X X - X X X 
X X X X X X X X X 7.67 X X - X 8.66 X X X 
10.54 7.69 X X X X X X 8.56 7.63 X X 9.67 X X X 10.89 X 
X 7.71 8.33 X X 9.10 X X 8.55 7.66 X X X X 8.60 X 10.92 X 
10.58 7.76 8.34 X X X X X 8.53 7.65 X X X X 8.59 X 10.88 X 
X X 8.35 X X X X X 8.58 7.60 X X X X 8.64 X 10.85 X 
X 7.80 8.38 X X X X X 8.54 7.65 X X 9.65 X 8.59 X 10.92 X 
10.59 7.68 X X X 9.20 X X 8.56 X X X X X 8.62 X 10.89 X 
X 7.67 8.35 X X 9.17 X X 8.46 7.73 X X X X 8.64 X 10.91 X 
X 7.72 8.37 X X X X X 8.55 7.65 X X X X 8.63 X 10.89 X 
10.55 7.81 X X X 9.18 X X 8.54 7.71 X X 9.76 X 8.67 X 10.94 X 
10.56 7.75 8.37 X X 9.13 X X 8.57 7.78 X X X X 8.66 X 10.93 X 
- 7.76 8.37 X X X X X 8.50 X X X X X 8.62 X 10.87 X 
X 7.81 X X X 9.16 X X 8.58 X X X X X 8.61 X 10.89 X 
- 7.87 8.38 X X 9.11 X X X 7.68 X X X X 8.61 X 10.91 X 
X X X X X 9.07 X X 8.58 7.71 X X X X X X 10.87 X 
X 7.76 8.40 X X 9.08 X X X X X X X X 8.64 X X X 
X X X X X X X X X X X X X X X X X X 
10.52 7.85 8.46 X X 9.07 X X 8.51 7.58 X X X X 8.67 X X X 
10.63 13.38 8.37 X X 9.15 X X 8.51 7.62 X X X X 8.63 X X X 
X X X X X 9.12 X X 8.56 7.47 X X X X 8.60 X X X 
X X 8.28 X X X X X 8.48 7.58 X X X X 8.63 X X X 
10.62 X X X X X X X 8.49 7.59 X X X X 8.70 X 10.85 X 
10.67 7.81 8.29 X X X X X X X X X X X 8.75 X X X 
10.66 7.73 8.42 X X X X X 8.43 X X X X X 8.71 X 10.87 X 
X 7.75 X X X X X X X X X X X X 8.71 X X X 
X 7.73 8.44 X X X X X X X X X X X 8.63 X X X 
X X X X X X X X 8.41 7.62 X X X X 8.68 X X X 
X X X X X X X X 8.51 X X X X X X X X X 
X X X X X X X X 8.55 X X X X X 8.68 X 10.89 X 
10.71 X X X X X X X X X X X X X X X X X 
10.61 X 8.42 X X X X X 8.52 7.58 X X X X 8.64 X 10.93 X 
X X X X X X X X 8.55 7.57 X X X X 8.63 X X X 
X X X X X X X X X X X X X X X X X X 
X X X X X X X X 8.45 X X X X X 8.61 X X X 
X