10.06 6.84 X X X X X X 8.23 X X X X X 7.88 X X X 
X 6.84 7.57 X X X X X 8.17 X X X X X 7.81 X X X 
10.05 X 7.61 X X X X X 8.17 X X X X X 7.88 X X X 
X X X X X X X X 8.21 X X X X X 7.8X 5.99 6.81 X X X X X X X X X X X 6.97 X 9.60 X 
9.40 5.95 6.72 X X X X X X X X X X X 6.86 X X X 
X X X X X X X X X X X X X X 6.91 X X X 
X X 6.66 X X X X X X X X X X X X X X X 
9.44 5.97 6.66 X X X X X X 8.09 X X X X 6.91 X 9.57 X 
X 5.96 6.65 X X X X X X X X X 8.93 X 6.84 X X X 
9.44 X 6.69 X X X X X X X X X 8.91 X 6.87 X X X 
X 5.90 6.70 X X X X X X 8.05 X X X X 6.92 X 9.62 X 
9.41 5.93 6.76 X X X X X X X X X X X 6.92 X 9.59 X 
9.41 5.96 6.69 X X X X X X X X X X X X X 9.61 X 
9.47 5.95 6.64 X X X X X X X X X X X X X X X 
X X 6.69 X X X X X X X X X X X X X X X 
9.47 X X X X X X X X X X X 8.97 X X X X X 
9.53 5.94 6.70 X X X X X X 8.04 X X X X X X X X 
9.47 5.97 X X X X X X X X X X 8.92 X X X X X 
9.44 X 6.67 X X X X X X X X X X X X X 9.61 X 
9.44 5.93 6.73 X X X X X X X X X X X X X X X 
9.45 5.95 6.69 X X X X X X X X X X X X X X X 
9.49 5.91 6.72 X X X X X X X X X X X X X X X 
9.42 5.95 6.63 X X X X X X X X X 8.97 X X X 9.65 X 
- 5.92 6.65 X X X X X X X X X X X X X X X 
9.45 5.92 6.66 X X X X X X 8.03 X X X X X X X X 
X 5.97 6.76 X X X X X X 8.02 X X X X X X X X 
X 5.96 6.74 X X X X X X 8.06 X X X X X X X X 
9.47 X 6.75 X X X X X X 8.00 X X X X X X X X 
X 5.96 6.69 X X X X X X 8.07 X X X X X X X X 
X 5.97 X X X X X X X X X X X X X X 9.56 X 
X 5.96 X X X X X X X 8.03 X X X X X X X X 
9.44 5.92 6.71 X X X X X X X X X X X X X X X 
9.43 X 6.71 X X X X X 7.89 X X X X X X X 9.61 X 
9.41 X X X X X X X X X X X X X X X X X 
9.50 X 6.69 X X X X X X X X X X X X X X X 
9.43 5.97 6.70 X X 10.30 X X 7.90 X X X X X X X X X 
9.46 5.91 6.68 X X X X X 7.88 X X X X X X X X X 
9.39 6.02 6.70 X X 10.30 X X X 7.99 X X 8.87 X X X X X 
X X 6.67 X X X X X 7.94 X X X X X 6.89 X X X 
X X X X X 10.25 X X 7.84 8.02 X X X X 6.93 X X X 
9.36 5.98 6.65 X X X X X X X X X X X 6.93 X X X 
X 5.92 6.74 X X X 7.47 X 7.91 X X X X X 6.88 X X X 
9.43 X 6.74 X X 10.27 X X X X X X X X 6.91 X 9.60 X 
9.39 X 6.69 X X X X X X 8.10 X X X X 6.89 X X X 
9.49 6.02 X X X 10.29 X X X 8.09 X X X X 6.89 X X X 
X X 6.73 X X 10.23 X X X 8.02 X X X X 6.93 X X X 
X 5.76 6.70 X X X X X 7.94 X X X X X 6.89 X X X 
9.35 X 6.73 X X X X X X 8.02 X X X X 6.89 X X X 
X X 6.71 X X X X X 8.10 X X X 8.93 X 6.91 X X X 
9.42 X X X X X X X X 8.07 X X X X 6.93 X X X 
9.43 X X X X 10.21 X X X 7.98 X X X X 6.90 X X X 
9.38 X 6.70 X X 10.27 X X X X X X X X 6.96 X X X 
9.46 X 6.73 X X 10.20 X X X 8.06 X X X X 6.93 X X X 
9.47 X 6.74 X X 10.19 X X X 8.05 X X X X 6.93 X X X 
9.40 6.00 X X X 10.24 X X X X X X X X 6.97 X X X 
X X 6.76 X X 10.26 X X 8.29 X X X X X 6.93 X X X 
9.53 5.97 X X X 10.28 X X X X X X X X 6.94 X X X 
9.38 6.03 X X X 10.17 X X 8.39 X X X X X 6.95 X X X 
9.47 X 6.78 X X X X X 7.96 7.99 X X 8.98 X 6.95 X X X 
9.46 X 6.77 X X X X X 8.34 X X X X X 6.93 X X X 
9.47 X X X X X X X X 8.00 X X X X 6.92 X X X 
X 6.02 6.77 X X 10.19 X X X X X X X X 6.94 X X X 
X 6.04 X X X X X X 8.36 X X X X X 6.89 X X X 
9.40 X X X X 10.23 X X 8.44 X X X 8.94 X 6.94 X X X 
9.45 X 6.70 X X 10.26 X X X 8.07 X X X X 6.89 X X X 
9.46 X 6.73 X X 10.26 X X X 7.99 X X X X 6.93 X X X 
9.42 X 6.76 X X X X X 7.85 X X X X X 6.95 X X X 
X X 6.75 X X 10.24 X X 8.21 X X X X X 6.92 X X X 
X X 6.76 X X X X X X 7.99 X X 8.90 X 6.93 X X X 
9.44 X 6.75 X X 10.21 X X X 7.99 X X X X 6.93 X X X 
9.37 X 6.72 X X 10.14 X X 8.14 X X X X X 6.92 X X X 
X X 6.69 X X 10.28 X X 8.11 X X X X X 6.89 X X X 
X X X X X 10.23 X X X X X X X X 6.92 X X X 
9.42 X 6.83 X X 10.25 7.51 X X X X X X X 6.94 X X X 
X X 6.67 X X 10.21 7.46 X X 8.01 X X X X 6.91 X 9.61 X 
9.42 X 6.69 X X X X X X 8.01 X X X X 6.90 X X X 
9.41 X 6.71 X X 10.24 X X X X X X X X 6.91 X X X 
X 5.94 6.69 X X 10.24 X X X X X X X X 6.90 X X X 
X 5.94 6.78 X X X X X X X X X X X 6.91 X X X 
9.48 X 6.73 X X 10.21 X X 7.68 8.11 X X X X 6.94 X X X 
9.48 X X X X X X X 7.78 8.05 X X X X 6.86 X X X 
9.48 5.99 X X X X X X 8.22 8.01 X X 8.92 X 6.90 X X X 
9.47 X 6.72 X X 10.19 X X 8.09 8.03 X X X X 6.91 X X X 
9.43 X 6.73 X X 10.22 X X 8.02 X X X X X 6.95 X X X 
9.45 X 6.73 X X 10.25 X X 8.22 X X X X X 6.95 X X X 
X 6.01 X X X X X X X X X X 8.96 X 6.90 X X X 
9.42 X 6.77 X X X X X 7.92 X X X X X 6.92 X X X 
9.47 6.04 X X X 10.24 X X 7.91 8.01 X X X X 6.89 X X X 
9.87 5.98 X X X 10.27 X X X X X X X X 6.90 X X X 
X 5.98 6.76 X X 10.29 X X 7.74 X X X X X 6.89 X X X 
X X X X X X X X X - X X X X X X X X 
X 5.99 6.78 X X X X X X 8.02 X X X X 6.91 X X X 
X X X X X X X X X 7.92 X X 8.96 X 6.97 X X X 
X 5.98 X X X 10.19 X X 7.79 X X X X X 6.93 X X X 
X X 6.70 X X X X X 7.93 X X X X X 6.88 X X X 
X X X X X X X X X X X X X X 6.96 X X X 
X 6.01 X X X X X X 7.85 8.02 X X X X 6.90 X X X 
9.44 6.00 X X X 10.23 X X 7.91 X X X X X 6.91 X X X 
X X X X X X X X 7.94 X X X X X 6.87 X X X 
9.41 X X X X 10.24 X X 7.88 X X X X X 6.93 X X X 
9.45 X 6.74 X X X X X X 7.97 X X X X 6.88 X X X 
9.42 5.94 X X X X X X X X X X X X 6.96 X X X 
X X 6.73 X X X X X X 7.98 X X X X 6.94 X X X 
X X 6.74 X X X X X 7.86 7.93 X X X X 6.90 X X X 
X 5.94 6.73 X X X X X 7.91 X X X X X 6.90 X X X 
X 5.97 X X X 10.28 X X X X X X X X 6.88 X X X 
X X X X X X X X X X X X X X X X X X 
X X X X X 10.26 X X X 8.02 X X 8.91 X 6.91 X X X 
X 5.98 X X X X X X X 7.97 X X X X 6.86 X X X 
9.48 X X X X X X X X X X X X X 6.86 X X X 
9.43 X X X X X X X X X X X X X 6.93 X X X 
X X 6.76 X X 10.23 X X X 8.02 X X X X 6.91 X X X 
X 6.11 6.78 X X 10.24 X X 7.92 X X X 8.93 X 6.91 X X X 
X 5.59 X X X X X X 7.86 X X X X X 6.92 X X X 
X 5.98 6.73 X X X X X X 8.09 X X X X 6.94 X X X 
9.47 X 6.77 X X 10.27 X X 7.93 X X X X X 6.94 X X X 
X 5.99 6.80 X X X X X 7.83 X X X X X 6.95 X X X 
9.46 5.98 6.79 X X 10.21 X X X X X X X X 6.99 X X X 
X 6.02 6.74 X X 10.19 X X X X X X X X 6.92 X X X 
X 6.05 6.75 X X X X X X X X X X X 6.94 X X X 
X X 6.71 X X 10.28 X X 7.88 X X X X X 6.98 X X X 
X X X X X X X X X X X X X X 6.95 X X X 
X 6.00 X X X X X X X X X X X X X X X X 
X X 6.77 X X 10.23 X X 7.86 7.99 X X X X 6.96 X X X 
9.45 X 6.77 X X 10.23 X X 7.89 X X X X X 6.94 X X X 
X X 6.79 X X X X X X X X X X X 6.93 X X X 
9.48 6.04 6.80 X X X X X X X X X X X 6.92 X X X 
9.44 X 6.77 X X 10.22 X X X X X X X X 6.93 X X X 
9.43 5.91 6.76 X X X X X 7.83 X X X X X 6.98 X X X 
X