- - - X X - X X X X X X - X - X - X 
6.09 6.59 10.86 X X 14.78 X X X X X X 4.86 X 9.29 X 14.09 X 
6.15 6.68 10.85 X X 14.84 X X X X X X 4.81 X 9.31 X 14.00 X 
X X - X X - X X X X X X Âþ6.16 X X X X X X X 12.45 X X X X 8.67 X X X 
6.41 6.17 - X X X X X 12.36 12.42 X X 5.33 X 8.78 X X X 
6.39 6.23 10.14 X X X X X 12.41 12.44 X X 5.29 X 8.92 X X X 
6.52 6.20 10.11 X X 13.89 X X 12.40 12.48 X X 5.32 X 8.82 X 13.27 X 
6.24 6.22 10.07 X X 13.93 X X 12.34 12.51 X X 5.30 X 8.82 X 13.28 X 
6.39 6.20 10.12 X X 13.91 X X 12.29 12.41 X X 5.35 X 8.77 X 13.26 X 
6.46 6.22 10.07 X X 13.94 X X 12.34 12.55 X X 5.27 X 8.70 X 13.35 X 
6.52 6.18 10.09 X X 13.95 X X 12.38 12.53 X X 5.31 X 8.82 X 13.26 X 
6.40 6.19 10.07 X X 14.00 X X 12.40 12.46 X X 5.35 X 8.75 X 13.26 X 
6.54 6.19 10.18 X X 13.88 X X 12.41 12.45 X X 5.32 X 8.83 X 13.19 X 
6.22 6.19 10.18 X X - X X 12.37 12.47 X X 5.35 X 8.69 X 13.25 X 
6.50 X 10.14 X X 13.95 X X 12.47 12.52 X X 5.38 X 8.84 X 13.26 X 
6.50 6.22 10.06 X X 13.96 X X 12.38 12.41 X X 5.35 X 8.74 X 13.22 X 
6.33 6.22 10.17 X X 13.94 X X 12.40 12.40 X X 5.33 X 8.79 X 13.27 X 
6.38 6.19 10.13 X X 13.93 X X 12.36 12.38 X X 5.32 X 8.75 X 13.26 X 
6.34 6.17 10.06 X X 13.96 X X 12.44 12.53 X X 5.27 X 8.74 X 13.30 X 
6.44 6.20 10.15 X X 13.94 X X 12.37 12.40 X X 5.23 X 8.63 X 13.24 X 
6.22 6.20 10.14 X X 13.97 X X 12.37 12.40 X X 5.32 X 8.68 X X X 
6.91 6.21 10.04 X X 13.97 X X 12.39 12.48 X X 5.36 X 8.72 X 13.29 X 
6.48 6.22 10.14 X X 13.97 X X 12.33 12.48 X X 5.34 X 8.67 X 13.29 X 
6.43 6.18 10.18 X X 14.02 X X 12.39 12.40 X X 5.32 X 8.73 X 13.29 X 
6.16 6.15 10.13 X X 13.93 X X 12.30 12.45 X X 5.35 X 8.74 X 13.29 X 
6.50 6.20 10.14 X X 13.97 X X 12.43 12.44 X X 5.33 X 8.74 X 13.30 X 
X X X X X X X X X X X X X X X X X X 
X X X X X X X X X 12.44 X X X X X X X X 
6.48 X X X X X X X X X X X X X X X 13.32 X 
6.58 6.20 10.13 X X X X X 12.32 12.41 X X 5.35 X 8.75 X 13.29 X 
6.37 6.21 10.06 X X 13.95 X X 12.35 12.43 X X 5.28 X 8.81 X 13.27 X 
6.39 6.16 10.11 X X 13.96 X X 12.32 12.45 X X 5.36 X 8.79 X 13.24 X 
6.34 6.22 10.13 X X 13.95 X X 12.33 12.53 X X 5.36 X 8.74 X 13.21 X 
6.66 6.19 10.13 X X 13.94 X X 12.40 12.46 X X 5.29 X 8.78 X 13.29 X 
6.41 6.19 10.15 X X 13.93 X X 12.31 12.39 X X 5.36 X 8.78 X 13.24 X 
6.42 6.21 10.11 X X 13.94 X X 12.46 12.36 X X 5.32 X 8.85 X 13.25 X 
6.42 6.20 10.17 X X 13.99 X X 12.38 12.34 X X 5.28 X 8.82 X 13.27 X 
6.40 6.19 10.09 X X 13.89 X X 12.38 12.49 X X 5.28 X X X 13.24 X 
6.39 6.17 10.06 X X 13.88 X X 12.42 12.46 X X 5.29 X 8.74 X 13.19 X 
6.50 6.19 10.16 X X 13.89 X X 12.47 12.44 X X 5.24 X 8.81 X 13.27 X 
6.45 6.19 10.11 X X 13.97 X X 12.43 12.49 X X 5.38 X 8.69 X 13.26 X 
6.45 6.16 10.16 X X 13.91 X X 12.38 12.41 X X 5.25 X 8.76 X 13.32 X 
6.46 6.22 10.11 X X 13.90 X X 12.30 12.44 X X 5.30 X 8.99 X 13.24 X 
6.22 6.16 10.04 X X 13.94 X X 12.35 12.48 X X 5.29 X 8.64 X 13.23 X 
6.34 6.22 10.11 X X 13.97 X X 12.37 12.47 X X 5.30 X 8.77 X 13.24 X 
6.34 6.18 10.11 X X 13.84 X X 12.47 12.44 X X 5.34 X 8.69 X 13.26 X 
6.56 6.16 10.01 X X 13.98 X X 12.40 12.46 X X 5.36 X 8.70 X 13.22 X 
6.46 6.17 10.14 X X 13.97 X X 12.31 12.46 X X 5.25 X 8.67 X 13.26 X 
6.47 6.20 10.12 X X 13.89 X X 12.39 12.43 X X 5.33 X 8.64 X 13.16 X 
6.43 6.14 10.09 X X 13.95 X X 12.30 12.43 X X 5.24 X 8.78 X 13.24 X 
6.50 6.15 10.16 X X 13.95 X X 12.27 12.50 X X 5.33 X 8.77 X 13.27 X 
6.56 6.19 10.11 X X 13.89 10.62 X 12.33 12.44 X X 5.33 X 8.68 X 13.28 X 
6.33 6.14 10.15 X X 14.00 X X 12.30 12.46 X X 5.33 X 8.67 X 13.24 X 
5.76 6.21 10.12 X X 13.92 X X 12.38 12.48 X X 5.36 X 8.89 X 13.27 X 
6.45 6.17 10.18 X X 13.92 X X 12.41 12.53 X X 5.29 X X X 13.26 X 
6.73 6.22 10.16 X X 13.90 X X 12.33 12.40 X X 5.26 X 8.79 X 13.25 X 
6.35 6.18 10.15 X X 13.92 X X 12.39 12.46 X X 5.26 X 8.77 X X X 
6.39 6.18 10.14 X X 13.94 X X 12.42 12.45 X X 5.32 X 8.85 X 13.24 X 
6.50 X 10.17 X X 13.89 X X 12.41 X X X 5.27 X 8.77 X 13.27 X 
6.37 6.19 10.15 X X 13.97 X X 12.43 X X X 5.33 X 8.74 X 13.34 X 
X X 10.10 X X X X X 12.43 X X X 5.33 X X X X X 
6.53 X 10.10 X X X X X 12.39 X X X 5.37 X 8.69 X X X 
6.46 6.24 10.16 X X X X X 12.37 X X X 5.33 X 8.82 X 13.22 X 
6.53 6.17 X X X X X X 12.48 X X X 5.28 X 8.76 X X X 
6.53 6.18 X X X X X X 12.47 12.43 X X 5.29 X 8.79 X 13.25 X 
X X X X X X X X X X X X X X X X X X 
6.35 6.20 10.17 X X X X X 12.43 X X X 5.36 X 8.79 X 13.26 X 
X X 10.12 X X X X X X X X X 5.26 X X X X X 
6.26 6.21 10.14 X X X X X 12.44 12.50 X X 5.30 X 8.76 X 13.27 X 
6.39 6.18 10.04 X X X X X 12.34 12.44 X X 5.26 X 8.72 X 13.27 X 
6.35 6.20 10.11 X X X X X 12.39 12.51 X X 5.35 X 8.85 X 13.22 X 
X X 10.12 X X X X X 12.38 X X X 5.34 X X X X X 
6.32 6.19 10.16 X X X X X X 12.43 X X 5.26 X 8.77 X 13.25 X 
6.49 6.16 10.07 X X X X X 12.41 12.46 X X 5.25 X 8.81 X 13.25 X 
6.32 6.18 10.11 X X X X X 12.39 12.50 X X X X 8.74 X X X 
6.57 6.20 10.10 X X X X X 12.28 12.55 X X 5.31 X 8.81 X 13.26 X 
X X 10.12 X X X X X 12.34 X X X X X X X X X 
6.44 6.24 10.10 X X X X X 12.38 12.46 X X 5.33 X 8.67 X 13.27 X 
6.46 6.20 10.12 X X X X X 12.40 12.51 X X 5.39 X 8.79 X 13.22 X 
6.34 6.22 10.10 X X X X X 12.39 12.47 X X 5.33 X 8.73 X 13.32 X 
X X X X X X X X X X X X X X X X X X 
5.88 6.23 10.17 X X X X X 12.37 12.49 X X 5.33 X 8.74 X 13.24 X 
5.72 6.17 10.14 X X X X X 12.36 12.39 X X 5.32 X 8.81 X 13.33 X 
6.39 6.19 10.16 X X X X X 12.39 12.45 X X 5.41 X 8.78 X 13.28 X 
7.02 6.23 10.13 X X X X X 12.41 12.46 X X 5.33 X 8