X X X X X X X X X X X X X X X X X X 
X X X X X X X X X X X X X X X X X X 
X X X X X X X X X X X X X X X X X X 
X X X X X X 6.91 X X X X X X 8.14 7.81 X X X X 7.80 X 10.21 X 
10.08 6.87 X X X 9.61 X X 8.24 X X X X X 7.80 X 10.25 X 
9.98 X 7.53 X X X X X 8.16 7.75 X X X X 7.79 X 10.20 X 
X 6.91 7.53 X X X X X 8.20 7.85 X X X X 7.76 X 10.19 X 
10.01 6.90 X X X X X X 8.21 X X X X X 7.83 X X X 
X 6.87 X X X 9.60 X X 8.25 X X X X X 7.85 X X X 
10.06 X 7.58 X X 9.62 X X 8.18 X X X X X 7.82 X X X 
10.08 X 7.57 X X X X X 8.21 - X X X X 7.83 X X X 
X 6.87 X X X 9.64 X X 8.25 X X X X X 7.83 X X X 
10.00 X X X X X X X X X X X X X X X X X 
X X 7.58 X X X X X X X X X X X 7.82 X 10.21 X 
10.05 X 7.59 X X X X X 8.20 7.79 X X X X 7.78 X X X 
10.01 X X X X 9.68 X X X X X X X X 7.81 X X X 
10.05 X 7.50 X X X X X 8.22 X X X X X 7.83 X 10.25 X 
10.07 X 7.55 X X 9.64 X X X X X X X X 7.78 X X X 
10.03 X X X X X X X 8.24 X X X X X 7.81 X X X 
X X X X X 9.65 X X X 7.77 X X X X 7.78 X 10.25 X 
X 6.86 7.57 X X X X X 8.22 X X X X X 7.80 X X X 
X 6.91 7.55 X X X X X 8.23 X X X X X 7.81 X 10.22 X 
X X 7.56 X X X X X 8.26 X X X X X 7.85 X 10.18 X 
X 6.88 X X X 9.61 X X 8.28 X X X X X 7.78 X X X 
10.01 6.89 X X X X X X 8.24 7.74 X X X X 7.81 X 10.19 X 
X 6.86 X X X X X X 8.21 X X X X X 7.84 X X X 
10.06 X X X X 9.66 X X X X X X X X 7.81 X X X 
X 6.90 X X X X X X 8.15 X X X X X 7.79 X 10.24 X 
X X 7.54 X X X X X 8.18 7.76 X X X X 7.77 X X X 
X 6.87 X X X 9.61 X X 8.24 X X X X X 7.81 X 10.24 X 
9.96 X 7.54 X X 9.66 X X 8.23 7.79 X X X X 7.81 X X X 
9.97 X 7.63 X X X X X X X X X X X 7.78 X X X 
10.03 X 7.56 X X X X X X X X X X X 7.79 X 10.18 X 
10.04 X X X X 9.65 X X 8.23 7.80 X X X X 7.84 X X X 
X X 7.58 X X 9.65 X X 8.20 X X X X X X X X X 
X X X X X X X X X X X X X X X X X X 
9.98 6.84 X X X 9.65 X X 8.16 X X X X X 7.79 X 10.23 X 
X X X X X 9.64 X X X X X X X X 7.78 X 10.24 X 
X X X X X X X X X X X X X X X X X X 
X 6.87 X X X X X X 8.22 X X X X X 7.79 X X X 
X X X X X X X X X X X X X X X X X X 
X 6.87 X X X X X X X X X X X X 7.82 X X X 
X X X X X X X X X X X X X X 7.81 X X X 
10.04 X X X X 9.61 X X X X X X X X 7.84 X X X 
X X 7.56 X X 9.67 X X X X X X X X 7.78 X X X 
9.97 X X X X X X X 8.27 7.76 X X X X 7.78 X 10.24 X 
X 6.86 X X X 9.65 X X X X X X X X 7.75 X 10.25 X 
X X X X X 9.64 X X 8.31 7.80 X X X X 7.79 X 10.22 X 
X 6.91 X X X 9.62 X X 8.25 X X X 9.38 X 7.78 X 10.26 X 
X X X X X X X X 8.23 X X X X X 7.83 X X X 
10.03 6.91 X X X 9.67 X X X X X X X X 7.76 X 10.28 X 
X X 7.60 X X 9.64 X X 8.26 X X X X X 7.82 X X X 
X 6.89 X X X X X X 8.23 X X X X X 7.83 X X X 
9.99 X X X X X X X 8.30 7.85 X X X X 7.84 X 10.24 X 
10.03 6.88 X X X X X X X X X X X X 7.79 X 10.24 X 
X X X X X 9.65 X X 8.26 X X X X X 7.83 X X X 
10.00 6.86 X X X 9.67 X X 8.23 7.79 X X X X 7.77 X X X 
X X X X X 9.60 X X 8.28 X X X X X 7.80 X 10.20 X 
10.04 X 7.59 X X 9.69 X X 8.25 X X X X X 7.81 X X X 
10.02 6.88 X X X 9.60 X X 8.20 X X X X X 7.81 X 10.26 X 
X 6.85 X X X 9.61 X X X X X X X X 7.87 X X X 
9.94 X 7.62 X X 9.67 X X 8.22 X X X X X 7.83 X 10.24 X 
X 6.88 X X X 9.65 X X 8.18 X X X X X 7.72 X X X 
10.03 X 7.57 X X 9.65 X X 8.19 X X X X X 7.83 X X X 
9.99 6.91 7.56 X X 9.64 X X 8.20 7.80 X X X X 7.81 X X X 
X X X X X X X X 8.26 X X X X X 7.82 X X X 
9.94 X 7.58 X X X X X 8.17 X X X X X 7.84 X X X 
10.06 X X X X 9.63 X X 8.21 X X X X X 7.81 X X X 
X X X X X 9.62 X X X X X X X X 7.76 X X X 
X 6.91 X X X 9.69 X X 8.27 X X X X X 7.80 X X X 
X X X X X X X X 8.26 X X X X X 7.85 X X X 
X X X X X X X X X X X X X X X X X X 
X X X X X 9.61 X X 8.28 X X X X X 7.83 X X X 
X 6.88 X X X 9.68 X X X X X X X X 7.83 X X X 
X X X X X 9.66 X X 8.20 X X X X X 7.81 X X X 
X X X X X 9.65 X X 8.25 X X X X X 7.80 X X X 
X X X X X 9.66 X X X X X X X X 7.80 X X X 
X X X X X 9.64 X X X X X X X X 7.84 X X X 
X X X X X X X X 8.15 X X X X X X X X X 
X X X X X 9.66 X X X X X X X X X X X X 
X X X X X X X X X X X X X X 7.81 X X X 
X 6.94 X X X X X X 8.26 X X X X X 7.81 X 10.22 X 
X 6.88 X X X X X X X X X X X X 7.79 X X X 
X X X X X X X X 8.21 X X X X X 7.81 X X X 
X 6.85 X X X 9.69 X X 8.20 X X X X X 7.88 X 10.24 X 
X X X X X 9.63 X X 8.22 X X X X X 7.81 X 10.25 X 
X X X X X X X X 8.17 X X X X X 7.85 X X X 
X X X X X X X X X X X X X X 7.81 X 10.29 X 
X X X X X X X X X X X X X X X X X X 
X 6.92 X X X X X X X X X X X X 7.84 X X X 
X X X X X X X X X X X X X X 7.79 X X X 
X X X X X X X X X X X X X X 7.86 X X X 
X 6.91 X X X X X X X X X X X X 7.86 X 10.22 X 
X 6.89 X X X X X X X X X X X X 7.79 X X X 
X X X X X X X X X X X X X X 7.88 X X X 
X X 7.54 X X X X X X 7.76 X X X X 7.82 X X X 
X 6.83 X X X X X X X X X X X X 7.84 X X X 
10.01 X 7.55 X X X X X X X X X X X 7.82 X 10.26 X 
X 6.96 X X X X X X X X X X X X 7.73 X X X 
X X 7.57 X X X X X X X X X X X 7.81 X 10.22 X 
X 6.85 X X X X X X X X X X X X 7.81 X X X 
X X X X X X X X X X X X X X 7.81 X X X 
9.95 X 7.58 X X X X X X X X X X X 7.79 X X X 
9.98 6.92 X X X X X X X X X X X X 7.85 X X X 
9.98 X 7.59 X X X X X X X X X X X 7.80 X X X 
X X 7.57 X X X X X X X X X X X 7.81 X X X 
X 6.85 X X X X X X X 7.83 X X X X 7.83 X 10.22 X 
X 6.88 7.62 X X X X X X 7.84 X X X X 7.76 X X X 
X 6.84 7.55 X X X X X X X X X X X 7.87 X 10.20 X 
X X 7.55 X X X X X X X X X X X 7.82 X X X 
10.05 6.85 7.54 X X X X X X X X X X X 7.83 X 10.26 X 
10.01 X 7.57 X X X X X X 7.76 X X X X 7.85 X 10.27 X 
10.05 X X X X X X X X X X X X X 7.86 X 10.25 X 
X 6.88 7.56 X X X X X X 7.69 X X X X 7.87 X 10.23 X 
X 6.89 7.52 X X 9.69 X X 8.23 X X X X X 7.83 X X X 
10.05 6.91 X X X 9.65 X X X X X X X X 7.83 X 10.29 X 
10.00 6.92 X X X X X X X 7.77 X X X X 7.81 X 10.20 X 
X X X X X X X X 8.21 X X X X X 7.89 X 10.24 X 
10.10 X X X X 9.65 X X X 7.73 X X X X 7.87 X 10.19 X 
X X X X X X X X 8.18 X X X X X 7.85 X X X 
10.09 X X X X X X X X X X X X X 7.85 X 10.28 X 
10.07 X 7.46 X X X X X X 7.74 X X X X 7.86 X 10.24 X 
10.00 6.84 X X X X X X X X X X X X 7.84 X 10.25 X 
X 6.88 X X X X X X X 7.73 X X X X 7.82 X 10.24 X 
X 6.83 7.53 X X 9.64 X X 8.19 X X X X X 7.86 X 10.26 X 
X X X X X X X X X 7.70 X X X X 7.85 X 10.23 X 
10.08 6.82 7.59 X X 9.58 X X X 7.75 X X X X 7.83 X 10.25 X 
X 6.83 7.57 X X X X X 8.20 X X X X X 7.83 X 10.27 X 
X 6.82 7.57 X X X X X X X X X X X 7.85 X X X 
10.08 X 7.58 X X X X X X X X X X X 7.86 X 10.25 X 
X 6.91 X X X X X X X 7.79 X X X X 7.85 X 10.28 X 
X 6.88 X X X X X X 8.17 X X X X X 7.82 X X X 
10.06 X 7.51 X X 9.61 X X X 7.72 X X X X 7.82 X 10.27 X 
10.11 6.91 X X X X X X X 7.77 X X X X 7.83 X 10.21 X 
X 6.87 7.61 X X 9.63 X X X 7.75 X X X X 7.90 X 10.27 X 
X X X X X X X X X X X X X X X X X X 
X 6.86 X X X X X X X X X X X X 7.82 X X X 
X