X X X X X X X X X X X X X X X X X X 
7.80 X 3.89 X X 13.67 X X 8.05 X X X X X X X X X 
X X X X X X X X X X X X X X X X X X7.68 X 3.84 X X X X X 8.43 X X X X X X X X X 
7.68 X 3.87 X X X X X 8.48 X X X X X X X X X 
X X X X X X X X X X X X X X X X X X 
X 2.16 X X X X X X 8.42 X X X 8.86 X X X X X 
X X X X X X X X X 10.75 X X X X X X X X 
X X X X X X X X X X X X X X X X X X 
- X 3.84 X X X X X 8.39 X X X X X X X X X 
7.71 X 3.92 X X X X X 8.28 X X X X X X X X X 
7.64 X 3.85 X X X X X 8.36 X X X X X X X X X 
X X X X X X X X X X X X X X X X X X 
X X X X X X X X X X X X X X X X X X 
7.67 X 3.86 X X X X X 8.39 X X X X X X X X X 
7.57 X 3.93 X X X X X 8.54 X X X X X X X X X 
7.63 X 3.83 X X X X X 8.48 X X X 8.81 X X X X X 
X X X X X X X X X X X X X X X X X X 
X X X X X X X X X X X X X X X X X X 
X X X X X X X X X X X X X X X X X X 
X X X X X X X X X X X X X X X X X X 
X X X X X X X X X X X X X X X X X X 
7.57 X 3.88 X X X X X 8.31 X X X X X X X X X 
X X X X X X X X X X X X X X X X X X 
X X X X X X X X X X X X X X X X X X 
7.64 X 3.88 X X 14.56 X X 8.36 X X X X X X X X X 
X X X X X X X X X X X X X X X X X X 
X 2.17 X X X 14.56 X X 8.37 X X X 8.77 X 3.05 X X X 
X X X X X X X X X X X X X X X X X X 
7.59 X 3.85 X X 14.47 X X 8.35 X X X X X X X X X 
7.64 X 3.88 X X X X X X X X X X X X X X X 
X X X X X X X X X X X X X X X X X X 
7.58 X 3.89 X X 14.56 X X 8.44 X X X X X 3.00 X X X 
X X X X X X X X X X X X X X X X X X 
7.65 X 3.88 X X 14.52 X X 8.43 X X X X X 3.08 X X X 
X 2.18 X X X X X X X X X X X X X X X X 
7.67 X 3.93 X X 14.54 X X 8.35 X X X X X 3.03 X X X 
7.67 X 3.96 X X 14.53 X X 8.39 X X X X X X X X X 
X X X X X X X X X X X X X X X X X X 
7.66 X 3.93 X X 14.57 X X 8.34 X X X X X 3.09 X X X 
X X X X X X X X X X X X X X X X X X 
7.70 X 3.89 X X 14.50 X X X X X X X X X X X X 
7.62 X 3.88 X X 14.51 X X 8.35 X X X 8.90 X 3.09 X X X 
7.74 X 3.89 X X 14.48 X X 8.34 X X X X X X X X X 
7.68 X 3.92 X X 14.52 X X 8.25 X X X 8.85 X 3.03 X X X 
X X X X X X X X X X X X X X X X X X 
7.62 X 3.85 X X 14.48 X X 8.27 X X X 8.93 X 3.11 X X X 
X X X X X X X X X X X X X X X X X X 
7.70 X 3.93 X X 14.47 X X 8.32 X X X 8.90 X 3.03 X X X 
7.64 X 3.92 X X 14.61 X X 8.27 X X X X X X X X X 
X X X X X X X X X X X X X X X X X X 
X X X X X X X X X X X X X X X X X X 
7.66 X X X X 14.53 X X X X X X X X X X X X 
7.65 X X X X 14.48 X X X 10.78 X X 8.92 X 3.02 X X X 
7.68 X X X X 14.55 X X X 10.79 X X 8.83 X 3.08 X X X 
7.70 X X X X 14.53 X X X 10.76 X X 8.92 X 3.12 X X X 
7.69 X X X X 14.50 X X X X X X X X X X X X 
7.70 X X X X 14.51 X X X 10.71 X X 9.00 X 3.02 X X X 
X X X X X X X X X X X X X X X X X X 
7.65 X X X X 14.50 X X X 10.86 X X X X X X X X 
7.66 X X X X 14.44 X X X 10.77 X X 8.89 X 3.03 X X X 
7.65 X X X X 14.49 X X X X X X X X X X X X 
7.67 X X X X 14.48 X X X 10.78 X X 8.84 X 3.00 X X X 
7.62 X X X X 14.57 X X X 10.79 X X 8.82 X 3.06 X X X 
X X X X X X X X X X X X X X X X X X 
X X X X X X X X X X X X X X X X X X 
X X X X X X X X X X X X X X X X X X 
7.61 X X X X 14.48 X X X 10.80 X X 8.84 X 3.09 X X X 
7.61 X X X X 14.53 X X X 10.73 X X 8.89 X 3.05 X X X 
7.72 X X X X X X X X X X X X X X X X X 
7.66 X X X X X X X X X X X X X X X X X 
7.73 X X X X 14.54 X X X X X X X X X X X X 
7.77 X X X X 14.53 X X X 11.07 X X 8.90 X 3.06 X X X 
X X X X X X X X X X X X X X X X X X 
7.63 X X X X 14.53 X X X 10.78 X X 8.85 X 3.10 X X X 
X X X X X X X X X X X X X X X X X X 
7.61 X X X X 14.52 X X X 10.82 X X 8.88 X 3.03 X X X 
X X X X X X X X X X X X X X X X X X 
X X X X X X X X X X X X X X X X X X 
X X X X X X X X X X X X X X X X X X 
7.66 X 3.94 X X X X X X X X X X X X X X X 
X X X X X X X X X X X X X X X X X X 
7.60 X 3.87 X X X X X X X X X X X X X X X 
7.67 X 3.87 X X - X X 8.29 X X X 8.83 X 3.06 X X X 
7.67 X 3.84 X X 14.50 X X 8.34 X X X 8.88 X 3.05 X X X 
7.64 X 3.86 X X 14.54 X X 8.44 X X X 8.88 X 3.08 X X X 
X X X X X X X X X X X X X X X X X X 
X X X X X X X X X X X X X X X X X X 
7.60 X 3.84 X X X X X X X X X X X X X X X 
X X X X X X X X X X X X X X X X X X 
X X X X X X X X X X X X X X X X X X 
7.65 X 3.80 X X X X X X X X X X X X X X X 
7.61 X 3.81 X X 14.54 X X 8.39 X X X 8.92 X 3.01 X X X 
X X X X X X X X X X X X X X X X X X 
7.67 X 3.88 X X 14.51 X X 8.44 X X X 8.85 X 3.03 X X X 
X X X X X X X X X X X X X X X X X X 
7.66 X 3.89 X X X X X X X X X X X X X X X 
7.67 X 3.89 X X 14.51 X X 8.47 X X X 8.87 X 3.01 X X X 
X X X X X X X X X X X X X X X X X X 
7.65 X 3.86 X X 14.53 X X 8.39 X X X X X X X X X 
X X X X X X X X X X X X X X X X X X 
7.62 X 3.85 X X 14.48 X X 8.25 X X X 8.85 X 3.05 X X X 
7.69 X 3.83 X X 14.52 X X X X X X X X X X X X 
7.66 X 3.87 X X 14.53 X X 8.42 X X X 8.91 X 3.02 X X X 
X X X X X X X X X X X X X X X X X X 
X X X X X X X X X X X X X X X X X X 
7.64 X 3.90 X X X X X X X X X X X X X X X 
7.69 X 3.85 X X 14.58 X X 8.38 X X X 8.89 X 3.08 X X X 
7.66 X 3.88 X X X X X X X X X X X X X X X 
7.66 X 3.90 X X 14.52 X X 8.35 X X X X X X X X X 
X X X X X X X X X X X X X X X X X X 
X X X X X X X X X X X X X X X X X X 
X X X X X X X X X X X X X X X X X X 
X X X X X X X X X X X X X X X X X X 
7.63 X 3.86 X X 14.49 X X 8.31 X X X 8.89 X 2.96 X X X 
7.65 X 3.79 X X 14.47 X X 8.33 X X X 8.83 X 3.00 X X X 
X 2.14 X X X 14.50 X X 8.42 X X X 8.86 X 3.01 X X X 
X 2.12 X X X X X X 8.46 X X X 8.85 X X X X X 
X 2.12 X X X X X X X X X X X X X X X X 
X X X X X X X X X X X X X X X X X X 
7.73 X X X X X X X X X X X X X X X X X 
X X X X X X X X 8.35 X X X 8.85 X X X X X 
X X X X X X X X X X X X X X X X X X 
X X X X X X X X X X X X X X X X X X 
7.65 X X X X 14.48 X X 8.39 X X X 8.80 X X X X X 
X 2.14 X X X 14.47 X X 8.39 X X X 8.87 X 3.02 X X X 
7.65 X 3.88 X X X X X 8.38 X X X 8.88 X X X X X 
7.67 X 3.82 X X 14.58 X X 8.33 X X X X X X X X X 
7.71 X 3.84 X X 14.42 X X 8.43 X X X 8.85 X 3.07 X X X 
7.71 X 3.86 X X 14.43 X X 8.43 X X X X X X X X X 
7.68 X 3.81 X X 14.48 X X 8.37 X X X 8.90 X 3.06 X X X 
X X X X X X X X X X X X X X X X X X 
7.69 X 3.83 X X 14.46 X X 8.35 X X X 8.79 X 3.02 X X X 
7.59 X 3.83 X X 14.48 X X X X X X X X X X X X 
7.66 X 3.87 X X 14.54 X X 8.27 X X X 8.85 X 3.05 X X X 
X X X X X X X X X X X X X X X X X X 
X X X X X X X X X X X X X X X X X X 
X X X X X X X X X X X X X X X X X X 
7.61 X 3.84 X X 14.44 X X 8.40 X X X 8.87 X 3.07 X X X 
7.70 X 3.86 X X X X X X X X X X X X X X X 
7.64 X 3.88 X X X X X X X X X X X X X X X 
7.68 X 3.83 X X 14.51 X X X X X X X X X X X X 
X X X X X X X X X X X X X X X X X X 
7.67 X 3.83 X X 14.44 X X X X X X X X X X X X 
X X X X X X X X X X X X X X X X X X 
7.63 X 3.87 X X X X X X X X X X X X X X X 
7.61 X 3.85 X X 14.48 X X 8.37 X X X 8.86 X 3.06 X X X 
7.71 X 3.89 X X 14.49 X X 8.37 X X X 8.88 X 3.01 X X X 
7.77 X 3.88 X X 14.48 X X 8.34 X X X X X X X X X 
7.63 X 3.81 X X 14.49 X X 8.42 X X X 8.86 X 3.05 X X X 
7.67 X 3.92 X X 14.42 X X 8.40 X X X 8.86 X 3.08 X X X 
7.67 X 3.83 X X 14.44 X X 8.33 X X X 8.84 X X X X X 
7.68 X 3.81 X X 14.46 X X 8.37 X X X X X X X X X 
X X X X X X X X X X X X X X X X X X 
X X X X X X X X X X X X X X X X X X 
7.64 X 3.85 X X 14.45 X X 8.38 X X X X X X X X X 
7