8.84 X 7.38 X X 10.92 X X 8.80 X X X X X X X X X 
8.89 X 7.42 X X 10.93 X X 8.79 X X X 8.21 X X X X X 
8.87 X 7.37 X X 10.X X X X X X X X X X X X X X X X X X 
X X X X X X X X X X X X X X X X 9.54 X 
X X X X X X X X X X X X X X X X 9.70 X 
X X X X X X X X X X X X X X X X X X 
X X X X X X X X X X X X X X X X X X 
X X X X X X X X X X X X X X X X 9.61 X 
X X X X X X X X X X X X X X X X X X 
X X X X X X X X X X X X X X X X X X 
X X X X X X X X X X X X X X X X X X 
X X X X X X X X X X X X X X X X X X 
X X X X X X X X X X X X X X X X X X 
X X X X X X X X X X X X X X X X X X 
X X X X X X X X X X X X X X X X X X 
X X X X X X X X X X X X X X X X X X 
X X X X X X X X X X X X X X X X X X 
X X X X X X X X X X X X X X X X X X 
X X X X X X X X X X X X X X X X 9.64 X 
X X X X X X X X X X X X X X X X X X 
9.50 X X X X X X X X X X X X X X X X X 
X X X X X X X X X X X X X X X X X X 
9.48 X X X X X X X X X X X X X X X X X 
9.63 X X X X 10.21 X X X X X X X X X X X X 
X X X X X 10.26 X X X X X X X X X X X X 
X X X X X X X X X X X X X X X X X X 
9.57 - X X X X X X X - X X 8.97 X 6.91 X X X 
9.49 6.00 6.78 X X 10.34 X X 8.06 7.98 X X X X 6.92 X X X 
9.51 5.96 6.75 X X X 7.54 X 7.77 8.00 X X X X 6.89 X X X 
9.44 6.01 6.78 X X 10.33 X X 8.01 7.98 X X X X 6.89 X 9.64 X 
X 5.97 6.78 X X X X X 7.94 7.95 X X X X 6.96 X X X 
9.52 5.96 6.74 X X X X X 7.84 7.90 X X X X 6.93 X 9.54 X 
X 5.94 6.79 X X X X X X 7.95 X X X X 6.95 X X X 
10.04 5.96 6.74 X X 10.30 X X 8.07 7.99 X X 8.96 X 6.92 X 9.59 X 
9.38 5.98 6.76 X X 10.30 X X 8.04 7.98 X X X X 6.91 X 9.65 X 
9.48 6.00 6.74 X X 10.26 X X X 7.85 X X 8.95 X 7.00 X 9.62 X 
X X 6.80 X X 10.15 X X 8.11 7.94 X X X X 6.89 X 9.59 X 
9.47 5.94 X X X X X X 7.94 7.96 X X X X 6.85 X 9.52 X 
9.49 5.98 6.74 X X X X X 7.99 7.96 X X X X 6.85 X X X 
9.45 5.92 6.73 X X X X X 7.81 7.98 X X X X 6.87 X X X 
9.43 5.97 X X X X X X 8.28 7.96 X X X X 6.83 X X X 
9.47 6.01 6.72 X X X X X 7.86 7.95 X X X X 6.86 X X X 
X 5.94 X X X X X X X X X X X X X X X X 
X X X X X X X X X X X X X X X X X X 
X 5.91 X X X X X X X X X X 8.97 X 6.92 X X X 
X 5.92 X X X 10.26 X X X 7.95 X X 8.94 X 6.94 X X X 
X 5.91 X X X X X X X 7.97 X X X X 6.91 X 9.58 X 
X X X X X X X X X X X X X X X X X X 
X 5.93 X X X 10.27 X X 8.03 8.02 X X 8.96 X 6.92 X X X 
X X X X X X X X X X X X X X X X X X 
X 5.88 X X X X X X 7.58 X X X X X 6.94 X X X 
9.43 6.01 X X X 10.34 X X 8.02 7.97 X X X X 6.94 X X X 
X X X X X X X X X X X X X X X X X X 
X X X X X X X X X X X X X X X X X X 
9.49 6.00 X X X 10.31 X X 7.99 X X X X X 6.99 X 9.57 X 
9.55 5.92 6.72 X X X X X 8.23 7.96 X X 8.97 X 6.88 X X X 
9.52 5.98 6.83 X X X X X X X X X 8.98 X 6.92 X X X 
9.51 6.01 6.80 X X 10.27 X X X - X X X X 6.91 X X X 
9.54 5.96 6.78 X X X X X X 7.95 X X X X 6.91 X 9.63 X 
X X 6.76 X X 10.32 X X 7.81 7.96 X X X X 6.88 X X X 
X 5.93 6.77 X X X X X X 7.97 X X X X 6.95 X X X 
X X X X X X X X X X X X X X 6.95 X X X 
X 5.92 X X X X X X 7.95 7.89 X X X X 6.88 X X X 
X 5.95 X X X X X X X 7.93 X X X X 6.92 X X X 
X 5.92 X X X X X X X 8.03 X X X X 6.94 X X X 
X 5.99 X X X X X X 7.98 8.00 X X X X 6.96 X X X 
X 5.94 X X X 10.32 X X 7.96 8.02 X X X X 6.91 X X X 
X 5.93 X X X X X X 8.01 8.01 X X X X 6.90 X X X 
X 5.96 X X X 10.29 X X 7.86 7.98 X X X X 6.88 X X X 
X X X X X 10.22 X X X 8.04 X X X X 6.87 X X X 
X 5.93 X X X 10.28 X X 7.73 7.97 X X X X 7.00 X X X 
X 5.96 X X X X X X X X X X X X 6.92 X X X 
X 5.93 X X X X X X 7.97 7.97 X X X X 6.91 X X X 
X 5.95 X X X 10.36 X X X 7.99 X X X X 6.88 X X X 
X 5.98 X X X X X X 7.91 8.01 X X X X 6.89 X X X 
X 5.92 X X X X X X 7.89 8.00 X X X X 6.94 X X X 
X 5.91 X X X X X X 8.14 7.97 X X X X 6.92 X X X 
X 5.92 X X X X X X 7.94 X X X X X 6.95 X X X 
X 5.92 X X X 10.28 X X 8.28 7.99 X X X X 6.94 X X X 
X 5.93 X X X 10.34 X X 7.75 7.92 X X X X X X X X 
X 5.93 X X X 10.28 X X X X X X X X 6.92 X X X 
X 5.94 X X X X X X 7.96 8.01 X X X X 6.91 X X X 
X 5.89 X X X 10.26 X X 7.81 8.06 X X X X 6.90 X X X 
X 5.97 X X X 10.26 X X 8.02 7.98 X X X X 6.94 X X X 
X 5.98 X X X X X X X 7.92 X X X X 6.92 X X X 
X 5.93 X X X X X X 7.82 7.99 X X X X 6.88 X X X 
X 5.92 X X X X X X X 7.99 X X X X 6.88 X 9.59 X 
9.49 5.99 6.73 X X 10.33 X X 8.12 7.89 X X 8.99 X 6.91 X X X 
- 5.95 6.79 X X X X X X 7.91 X X X X 6.87 X X X 
X X 6.78 X X 10.36 X X 8.14 8.03 X X 8.97 X 6.91 X X X 
9.50 5.94 6.81 X X 10.26 X X X 7.95 X X 8.92 X 6.96 X X X 
X 5.92 6.67 X X X X X 8.10 8.00 X X X X 6.91 X 9.66 X 
9.51 5.90 X X X 10.41 X X 8.06 7.99 X X 8.94 X 6.84 X X X 
9.45 5.95 6.85 X X X X X 8.08 8.00 X X 8.92 X 6.83 X X X 
9.48 5.92 6.77 X X 10.29 X X X X X X X X 6.89 X X X 
9.52 5.95 6.73 X X 10.32 X X 7.94 X X X X X 6.94 X 9.60 X 
9.51 5.91 6.79 X X 10.34 X X X 8.00 X X X X 6.86 X 9.58 X 
9.48 5.93 6.76 X X X X X X 7.93 X X X X 6.88 X X X 
X 5.97 6.69 X X X X X X 8.01 X X 8.99 X 6.94 X X X 
X 5.89 6.76 X X X X X 7.96 8.00 X X X X 6.92 X X X 
X 5.97 6.78 X X X X X 7.95 X X X X X 6.93 X X X 
9.58 5.97 6.76 X X X X X 7.98 8.00 X X X X 6.93 X X X 
X 5.94 6.73 X X 10.76 X X 7.91 8.05 X X X X 6.91 X X X 
X 5.90 6.71 X X 10.20 X X 7.99 8.02 X X X X 6.85 X 9.64 X 
9.46 5.95 6.76 X X 10.24 X X X 7.97 X X X X 6.87 X X X 
X 5.94 6.76 X X X X X X X X X X X 6.93 X X X 
X 5.95 6.71 X X 10.28 X X 8.04 7.98 X X X X 6.96 X X X 
X 5.98 6.73 X X 10.34 X X X 7.96 X X X X 6.93 X X X 
X X X X X X X X X X X X X X 6.92 X X X 
9.51 5.93 6.74 X X 10.29 X X X 8.00 X X X X 6.91 X - X 
X X 6.75 X X X X X X 7.91 X X 8.94 X 6.91 X X X 
X 5.96 6.76 X X X X X X 7.85 X X 8.98 X 6.93 X X X 
X 5.94 6.81 X X 10.29 X X X 8.04 X X X X 6.91 X X X 
9.51 5.95 X X X 10.22 X X X 7.91 X X X X 6.93 X X X 
9.44 5.97 6.74 X X X X X X 7.99 X X X X 6.91 X 9.70 X 
X 5.97 6.74 X X X X X 8.01 7.96 X X X X 6.91 X X X 
9.48 5.92 X X X 10.38 X X X 7.98 X X 8.91 X 6.90 X X X 
9.57 5.95 - X X X X X X 7.94 X X 8.95 X 6.87 X 9.67 X 
9.39 5.98 6.75 X X X X X X 7.96 X X X X 6.86 X X X 
X 5.92 6.75 X X 10.26 X X 8.19 8.02 X X X X 6.95 X 9.58 X 
9.52 6.00 6.74 X X X X X X 7.98 X X 8.96 X 6.93 X X X 
X 5.98 6.75 X X X X X 7.97 7.98 X X 8.97 X 6.88 X X X 
9.45 5.96 6.72 X X X X X 7.91 8.01 X X 8.93 X 6.89 X X X 
9.50 5.94 6.71 X X 10.28 X X 8.13 8.01 X X 8.94 X 6.89 X X X 
X 5.95 X X X X X X X X X X 9.00 X X X X X 
9.48 5.92 6.77 X X X X X X 8.01 X X X X 6.97 X X X 
9.49 6.00 6.77 X X 10.34 X X 7.88 7.90 X X X X 6.94 X X X 
9.40 5.92 X X X X X X 7.68 7.96 X X 8.95 X 6.87 X X X 
X 5.97 6.83 X X X X X 8.18 X X X X X 6.93 X X X 
X 5.94 6.75 X X X X X 7.81 7.99 X X X X 6.86 X 9.62 X 
X 5.97 6.73 X X X X X 7.91 7.91 X X 8.96 X 6.98 X 9.57 X 
X X X X X X X X X X X X X X X X X X 
X 5.95 6.75 X X 10.31 X X 8.11 8.00 X X X X 6.88 X 9.61 X 
X 5.98 6.72 X X 10.31 X X 7.97 X X X X X 6.92 X X X 
X 5.95 6.71 X X 10.30 X X 8.10 7.95 X X 9.00 X 6.94 X X X 
X 5.98 X X X X X X X X X X X X 6.90 X X X 
X X X X X X X X 7.84 8.01 X X 8.96 X X X X X 
X 5.96 6.72 X X X X X X 7.99 X X 8.91 X 7.04 X X X 
X 5.95 6.76 X X X X X 7.87 7.97 X X X X 6.88 X 9.67 X 
9.49 6.01 6.74 X X X X X 8.01 7.95 X X X X 6.97 X 9.70 X 
X 5.95 6.76 X X 10.34 X X 8.15 X X X X X 6.93 X X X 
9.52 5.93 6.72 X X 10.29 X X 7.85 8.00 X X 8.95 X 6.97 X 9.63 X 
X 5.95 6.71 X X X X X X 7.98 X X X X 6.88 X X X 
9.43 5.92 6.80 X X 10.23 X X 7.93 7.99 X X X X 6.90 X X X 
X 5.94 6.81 X X 10.28 X X X 7.97 X X 8.97 X 6.94 X 9.66 X 
X X X X X X X X X X X X X X X X X X 
9.51 5.90 6.82 X X X X X X 7.92 X X X X 6.93 X X X 
X 5.96 6.80 X X X X X 8.03 7.96 X X 8.96 X 6.85 X X X 
X 5.97 6.77 X X X X X 8.09 8.04 X X X X 6.89 X 9.63 X 
X 5.93 6.73 X X X X X 7.97 7.98 X X X X 6.88 X X X 
X 5.98 6.79 X X 10.79 X X X 7.85 X X X X 6.88 X 9.67 X 
9.50 5.97 6.76 X X X X X X X X X 8.97 X 6.95 X 9.58 X 
9.51 5.96 6.81 X X 10.19 X X 8.02 7.95 X X X X 6.92 X X X 
X 5.93 6.71 X X X X X X 7.97 X X 8.97 X 6.92 X X X 
X 5.96 6.80 X X X X X 7.56 8.00 X X 8.98 X 6.94 X X X 
X 5.95 6.74 X X 10.27 X X 7.99 7.96 X X X X 6.88 X X X 
9.48 5.97 6.84 X X 10.32 X X X 7.85 X X X X 6.91 X X X 
X X X X X X X X X X X X X X X X X X 
X 5.95 X X X X X X X X X X X X X X 9.67 X 
X X X X X X X X 7.93 X X X X X X X X X 
X X X X X X X X 8.27 7.97 X X X X X X X X 
X 5.95 X X X X X X X 8.01 X X X X X X X X 
X X X X X X X X X 7.96 X X X X X X X X 
X 5.93 X X X X X X X 7.96 X X X X X X X X 
X 6.01 X X X X X X X X X X X X X X X X 
X 5.96 X X X X X X 8.40 7.97 X X X X X X X X 
X X X X X X X X X X X X X X X X X X 
X 5.98 X X X X X X X 7.94 X X X X X X X X 
X X X X X X X X X X X X X X X X X X 
X X X X X X X X X X X X X X X X X X 
X 6.00 X X X X X X X 7.91 X X X X X X 9.60 X 
9.55 6.00 X X X X X X X X X X X X X X X X 
9.49 5.96 X X X X X X X 7.98 X X X X X X X X 
X 5.95 X X X X X X X X X X X X X X X X 
X 5.96 X X X X X X X 7.97 X X X X X X X X 
9.44 6.03 X X X X X X X 7.94 X X X X X X 9.66 X 
9.48 5.91 X X X X X X X 7.95 X X X X X X 9.60 X 
X 5.97 X X X X X X X 7.97 X X X X X X X X 
9.48 5.95 X X X X X X X 7.96 X X X X X X X X 
9.46 5.97 X X X X X X X 7.97 X X X X X X 9.62 X 
9.51 5.92 X X X X X X X X X X X X X X 9.65 X 
9.53 5.99 X X X X X X X 7.99 X X X X X X 9.62 X 
9.55 5.97 X X X X X X X X X X X X X X X X 
X 5.93 - X X X X X X 8.03 X X X X X X 9.61 X 
X 5.91 6.79 X X X X X X 7.97 X X X X - X X X 
9.31 5.99 X X X 10.33 X X X 7.98 X X X X 6.93 X X X 
9.48 5.96 6.73 X X X X X X 7.94 X X X X 6.95 X X X 
X 5.93 6.82 X X 10.29 X X X 7.96 X X X X 6.93 X X X 
9.46 5.94 6.71 X X X X X X 7.95 X X X X 7.04 X X X 
9.55 5.98 6.76 X X X X X X 7.92 X X X X 6.97 X X X 
X 5.93 6.84 X X X X X X X X X 8.97 X 6.91 X X X 
9.53 6.00 6.74 X X X X X X 7.99 X X 8.97 X 6.98 X 9.60 X 
- 5.98 6.83 X X X X X X 8.01 X X 9.02 X 6.95 X X X 
X 5.99 X X X 10.33 X X 7.92 8.00 X X X X 6.91 X X X 
9.46 5.96 6.73 X X 10.30 X X X 7.96 X X 8.91 X 6.95 X X X 
9.46 6.02 6.76 X X X X X 8.80 7.98 X X X X 6.86 X X X 
X 5.93 6.79 X X X X X 8.23 X X X X X 7.02 X 9.59 X 
X 5.95 6.78 X X X X X 8.09 7.92 X X 8.93 X 6.89 X 9.63 X 
X 5.97 6.71 X X X X X 8.16 7.94 X X X X 6.90 X X X 
X 5.89 6.82 X X 10.31 X X 8.32 7.93 X X X X 6.85 X 9.63 X 
X X X X X X X X X 7.96 X X X X 6.92 X 9.51 X 
9.42 5.95 X X X X X X X 7.98 X X X X 6.93 X X X 
X X X X X X X X X X X X X X X X X X 
X X X X X X X X X X X X X X X X X X 
X X X X X X X X X X X X X X X X X X 
X X X X X X X X X X X X X X 6.91 X X X 
X X 6.75 X X X X X X X X X 8.95 X 6.92 X X X 
X X 6.74 X X 10.32 X X X X X X X X 6.93 X 9.63 X 
X X X X X X X X X X X X 8.92 X 6.97 X X X 
X X X X X X X X X X X X 8.96 X 6.90 X 9.50 X 
X X 6.74 X X X X X X X X X X X 6.90 X 9.61 X 
X X 6.72 X X 10.29 X X X X X X X X 6.93 X 9.70 X 
X X X X X 10.20 X X X X X X X X 6.92 X 9.62 X 
X X 6.73 X X 10.40 X X X X X X 8.97 X 6.95 X X X 
X X 6.74 X X X X X X X X X 8.98 X 6.89 X X X 
X X 6.73 X X X X X X X X X X X 6.97 X X X 
X X X X X X X X X X X X X X 6.94 X X X 
X X X X X X X X X X X X X X 6.91 X 9.59 X 
X X 6.75 X X X X X X X X X X X 6.95 X X X 
X X X X X X X X X X X X X X 6.94 X 9.56 X 
X X 6.75 X X X X X X X X X 8.98 X 6.92 X X X 
X X 6.78 X X X X X X X X X 8.95 X 6.95 X X X 
X X 6.73 X X X X X X X X X 8.98 X 6.87 X X X 
X X 6.70 X X X X X X X X X X X 6.91 X X X 
X X 6.74 X X X X X X X X X X X 6.94 X X X 
X X X X X 10.25 X X X X X X X X 6.88 X 9.54 X 
X X 6.77 X X X X X X X X X X X 6.95 X 9.56 X 
X X 6.73 X X 10.32 X X X X X X X X 6.93 X X X 
X X 6.76 X X X X X X X X X X X 6.99 X 9.65 X 
X X 6.73 X X X X X X X X X 8.97 X 6.95 X 9.60 X 
9.48 5.95 6.81 X X X X X X X X X 9.00 X 6.91 X X X 
9.47 5.94 6.77 X X X X X X X X X X X 6.86 X X X 
X 5.96 6.83 X X X X X X X X X 8.96 X 6.95 X X X 
9.50 5.95 6.71 X X X X X X X X X 8.96 X 6.93 X X X 
10.07 5.98 6.71 X X X X X X X X X 8.97 X 6.91 X X X 
X 5.99 6.76 X X X X X X X X X 8.94 X 6.96 X X X 
X 5.94 6.78 X X X X X X X X X X X 6.93 X X X 
X 5.93 6.74 X X X X X X X X X X X 6.88 X X X 
9.51 5.96 X X X X X X X X X X 8.95 X 6.92 X 9.55 X 
9.56 6.00 6.74 X X 10.32 X X X X X X X X 6.92 X X X 
X 5.96 6.78 X X 10.27 X X X X X X 9.02 X 6.95 X 9.67 X 
X 6.01 6.82 X X X X X X X X X X X 6.94 X X X 
9.59 5.94 6.72 X X X X X - X X X X X 6.97 X 9.64 X 
9.55 X X X X X X X X X X X X X 7.03 X X X 
9.58 5.95 6.78 X X X X X X X X X X X X X 9.53 X 
X X X X X X X X X X X X X X X X X X 
X 5.98 6.71 X X X X X X X X X 8.99 X 6.89 X 9.66 X 
X 5.94 6.79 X X X X X X X X X X X 6.92 X X X 
X 5.97 6.73 X X X X X X X X X X X 6.94 X X X 
X 5.97 6.73 X X X X X 8.04 X X X X X 6.94 X 9.55 X 
9.53 6.00 X X X 10.19 X X X X X X X X 6.93 X X X 
X 5.97 6.69 X X X X X 8.25 X X X X X 6.92 X X X 
X 6.00 6.77 X X 10.27 X X X X X X 9.02 X 6.89 X X X 
X 6.03 6.72 X X X X X 7.75 X X X X X 6.89 X X X 
X 6.02 6.74 X X 10.23 X X 7.88 - X X X X 6.87 X 9.50 X 
X 5.98 6.73 X X 10.20 X X X X X X X X 6.90 X X X 
X 6.02 6.73 X X 10.23 X X X 7.95 X X X X 6.92 X 9.57 X 
X X 6.73 X X 10.26 X X 8.20 X X X X X 6.87 X 9.52 X 
9.48 X X X X X X X 7.98 X X X 8.98 X 6.90 X 9.52 X 
9.57 6.03 6.73 X X X X X 7.90 7.91 X X 9.03 X 6.87 X X X 
9.59 X 6.73 X X X X X 8.05 7.98 X X 8.98 X 6.85 X X X 
9.49 6.08 6.66 X X 10.25 X X X 7.94 X X X X 6.85 X X X 
9.52 6.09 6.73 X X X X X 8.18 7.94 X X X X 6.94 X X X 
9.52 6.04 6.79 X X X X X X 7.99 X X X X 6.85 X X X 
X 6.01 6.77 X X 10.24 X X X 7.88 X X X X 6.99 X X X 
X 6.02 6.73 X X X X X 7.87 7.99 X X X X 6.86 X X X 
X 6.04 6.74 X X X X X X 7.96 X X X X 6.88 X X X 
X 6.05 6.72 X X X X X 7.98 7.95 X X X X 6.84 X X X 
9.56 X 6.75 X X X X X X X X X 8.93 X 6.91 X X X 
X X 6.75 X X X X X 7.95 8.00 X X X X 6.89 X X X 
X 6.03 6.69 X X X X X X 7.94 X X 9.00 X 6.93 X 9.63 X 
9.47 6.06 6.76 X X X X X 8.19 8.01 X X 8.99 X - X X X 
X 6.00 6.72 X X 10.22 X X 8.17 X X X X X 6.90 X X X 
9.48 6.01 6.74 X X X X X 7.99 8.01 X X 8.91 X 6.81 X X X 
9.51 5.97 X X X X X X 7.93 8.02 X X X X 6.92 X X X 
9.56 6.05 X X X X X X 8.21 7.91 X X 8.94 X 6.87 X 9.58 X 
X X X X X X X X X X X X X X X X X X 
9.51 5.95 6.75 X X X X X 7.76 X X X X X 6.95 X X X 
9.53 5.97 6.76 X X X X X X 7.97 X X X X 6.83 X X X 
X 5.94 6.79 X X X X X 7.92 7.98 X X X X 6.93 X X X 
9.50 5.97 6.76 X X X X X 7.70 7.96 X X X X 6.85 X 9.71 X 
9.52 6.02 6.69 X X X X X 8.23 7.89 X X X X - X 9.65 X 
X 6.00 6.77 X X X X X 8.39 7.93 X X X X 6.93 X X X 
9.38 5.99 6.76 X X 10.29 X X X 7.95 X X X X 6.90 X X X 
9.51 5.97 6.71 X X X X X X 7.89 X X 9.01 X 6.95 X X X 
9.53 5.97 6.76 X X 10.23 X X X 7.96 X X X X 6.97 X 9.59 X 
X 5.99 6.74 X X X X X X 7.89 X X X X 6.88 X 9.63 X 
9.51 5.97 6.75 X X 10.30 X X 8.32 7.92 X X X X 6.93 X X X 
X X 6.79 X X X X X 7.68 7.90 X X X X 6.88 X 9.62 X 
X 6.00 6.68 X X 10.28 X X X 7.90 X X 9.01 X 6.91 X X X 
X 5.97 6.81 X X 10.18 X X X X X X 9.04 X 6.94 X X X 
X 5.95 6.76 X X X X X 7.68 7.97 X X 9.00 X 6.86 X 9.57 X 
X 5.98 6.72 X X X X X 7.82 7.91 X X X X 6.91 X X X 
X 5.96 6.73 X X X X X 7.96 7.95 X X 9.02 X 6.89 X X X 
9.55 5.98 6.71 X X 10.30 X X 8.42 7.83 X X X X 6.84 X X X 
9.58 6.02 X X X X X X X X X X X X 6.97 X X X 
X 6.02 6.76 X X X X X X X X X 8.99 X 6.98 X 9.55 X 
X X 6.68 X X X X X X 7.88 X X X X 6.93 X X X 
9.51 5.94 6.73 X X 10.20 X X X 7.87 X X 9.05 X 6.89 X X X 
9.62 6.07 6.66 X X X X X X X X X 9.01 X 6.89 X 9.57 X 
X 5.98 6.72 X X X X X X 7.88 X X X X 6.86 X 9.57 X 
9.57 6.05 6.73 X X X X X 7.85 7.93 X X X X 6.90 X X X 
9.45 6.02 6.68 X X X X X 7.94 7.93 X X X X 6.94 X 9.47 X 
X 5.99 6.70 X X 10.15 X X X 7.85 X X 9.05 X 6.89 X 9.49 X 
X 6.00 6.67 X X 10.24 X X 7.88 7.82 X X X X 6.86 X 9.51 X 
9.59 5.97 6.71 X X 10.64 X X 7.82 7.86 X X X X 6.88 X 9.57 X 
9.53 5.96 6.79 X X X X X 7.88 7.91 X X X X 6.84 X 9.54 X 
9.64 5.98 X X X 10.27 X X X 7.82 X X 9.06 X 6.87 X 9.47 X 
X 6.01 6.77 X X 10.17 X X X 7.82 X X X X 6.94 X X X 
X X 6.67 X X X X X X X X X X X X X X X 
9.62 6.01 6.77 X X 10.16 X X X 7.81 X X 9.04 X 6.94 X X X 
X X X X X X X X 7.91 X X X X X X X X X 
X X X X X X X X 7.89 X X X X X 6.90 X X X 
X X X X X X X X X X X X X X X X X X 
9.55 X X X X X X X X X X X X X X X X X 
X X X X X X X X X X X X X X X X X X 
X X X X X X X X X X X X X X X X X X 
9.61 X X X X X X X X X X X X X X X X X 
9.47 X X X X X X X X X X X X X X X X X 
X X X X X X X X X X X X X X X X X X 
9.56 X X X X X X X X X X X X X X X X X 
X X X X X X X X X X X X X X X X X X 
9.65 X X X X X X X X X X X X X X X X X 
X X X X X X X X X X X X X X X X X X 
9.71 X X X X X X X X X X X X X X X X X 
X X X X X X X X X X X X X X X X X X 
9.65 X X X X X X X X X X X X X X X X X 
9.60 X X X X X X X X X X X X X X X X X 
9.66 X X X X X X X X X X X X X X X X X 
9.74 X X X X X X X X X X X X X X X X X 
X X X X X X X X X X X X X X X X X X 
X X X X X X X X X X X X X X X X X X 
X X X X X X X X X X X X X X X X X X 
9.76 X X X X X X X X X X X X X X X X X 
X X X X X X X X X X X X X X X X X X 
X X X X X X X X X X X X X X X X X X 
10.18 X X X X X X X X X X X X X X X X X 
9.71 X X X X X X X X X X X X X X X X X 
X X X X X X X X X X X X X X X X X X 
X X X X X X X X X X X X X X X X X X 
X X X X X X X X X X X X X X X X X X 
X X X X X X X X X X X X X X X X X X 
X 5.97 X X X X X X 7.82 X X X X X X X X X 
X 5.97 6.67 X X X X X 7.91 7.94 X X X X 6.89 X X X 
9.53 6.00 6.71 X X X X X X 7.88 X X 9.06 X 6.84 X X X 
X 5.95 6.73 X X X X X 7.90 7.80 X X 9.06 X 6.90 X X X 
9.52 5.95 6.65 X X X X X X 7.85 X X 9.05 X 6.83 X X X 
X 5.93 6.65 X X X X X X 7.89 X X 9.05 X 6.88 X X X 
9.45 5.96 6.72 X X 10.25 X X X 7.80 X X 9.11 X 6.87 X X X 
9.59 5.98 6.75 X X X X X 7.90 7.73 X X 9.05 X 6.80 X 9.53 X 
X 5.93 6.71 X X X X X 8.40 7.82 X X 9.06 X X X 9.54 X 
X 5.95 6.72 X X X X X 7.78 7.82 X X X X 6.81 X X X 
X 5.94 6.66 X X 10.27 X X X 7.78 X X 9.02 X 6.84 X 9.45 X 
9.59 5.95 6.66 X X 10.23 X X 7.80 7.84 X X X X 6.86 X 9.39 X 
9.58 6.01 6.67 X X 10.25 X X X 7.82 X X X X 6.85 X X X 
9.53 5.98 6.63 X X X X X 7.80 7.88 X X 9.00 X 6.81 X X X 
X 5.96 6.65 X X X X X 8.02 7.97 X X X X 6.97 X 9.46 X 
9.56 X 6.65 X X X X X X 7.83 X X X X 6.88 X 9.46 X 
X X - X X X X X X X X X - X - X - X 
X X X X X X X X X X X X X X X X X X 
X X 6.63 X X 10.18 X X X 7.88 X X X X 6.93 X 9.55 X 
9.58 X 6.67 X X 10.26 X X X 7.87 X X X X 6.80 X X X 
9.58 5.95 6.65 X X X X X 7.83 7.91 X X 9.02 X 6.81 X 9.46 X 
X 5.90 6.63 X X 10.17 X X 7.87 X X X 8.99 X 6.80 X X X 
X 5.98 6.64 X X X X X X X X X X X 6.85 X X X 
X X X X X X X X X X X X X X X X X X 
X X X X X X X X X X X X X X X X X X 
X 5.97 6.66 X X 10.26 X X X X X X 9.02 X 6.87 X X X 
X 5.96 6.68 X X X X X 7.86 7.82 X X 9.01 X 6.90 X 9.43 X 
X 5.89 6.65 X X X X X X 7.78 X X X X 6.89 X X X 
- 6.02 6.71 X X X X X 7.83 7.89 X X X X 6.89 X X X 
9.58 5.99 6.69 X X 10.23 X X X X X X 9.05 X 6.89 X X X 
X X 6.67 X X X X X 8.39 7.94 X X 9.04 X 6.90 X 9.