X X X X X X X X X X X X X X X X X X 
X X X X X X X X X X X X X X X X X X 
X X X X X X X X X X X X X X X X X X 
X X X X X X X X X X X X X X X X X X 
X X X X X X X X X X X X X X X X X 10.72 X .93 X 8.50 X 
X 6.84 5.89 X X 9.02 X X X 6.19 X X 10.71 X 6.90 X 8.43 X 
11.11 6.83 5.89 X X 9.02 X X 6.15 6.25 X X 10.67 X 6.94 X 8.48 X 
11.05 6.86 6.02 X X 9.06 X X 6.15 6.22 X X 10.72 X 6.92 X 8.42 X 
11.09 6.81 5.89 X X 9.02 X X 6.16 6.20 X X 10.69 X 6.92 X 8.48 X 
11.02 6.77 5.96 X X X X X 6.20 6.23 X X 10.68 X 6.94 X X X 
11.10 6.84 5.91 X X 8.98 X X 6.13 6.25 X X 10.68 X 6.94 X 8.45 X 
11.09 6.88 5.89 X X 8.99 X X 6.15 6.21 X X 10.67 X 6.97 X 8.45 X 
11.01 6.83 5.96 X X 9.01 X X 6.15 6.29 X X 10.73 X 6.94 X 8.42 X 
11.05 6.89 6.08 X X 8.98 X X 6.20 6.21 X X 10.67 X 6.95 X 8.44 X 
11.02 6.84 6.12 X X 8.98 X X 6.16 6.17 X X 10.80 X 6.93 X 8.46 X 
11.03 6.87 5.92 X X 8.96 X X 6.17 6.21 X X X X 6.96 X 8.42 X 
- 6.81 6.04 X X 9.00 X X 6.12 6.31 X X 10.74 X 6.90 X 8.44 X 
X 6.81 6.00 X X 9.03 X X 6.21 6.22 X X 10.74 X 6.99 X 8.49 X 
11.09 6.85 6.05 X X 9.06 X X 6.18 6.19 X X 10.64 X 6.94 X 8.46 X 
11.02 6.87 6.00 X X 9.03 X X 6.11 6.28 X X 10.69 X 6.92 X 8.49 X 
11.03 6.89 5.95 X X 8.99 X X 6.15 6.24 X X 10.75 X 6.91 X 8.45 X 
11.00 6.87 5.91 X X 9.07 X X 6.18 6.25 X X 10.73 X 6.92 X 8.45 X 
11.04 6.85 X X X 9.03 X X 6.19 6.16 X X 10.77 X 6.96 X 8.46 X 
11.05 6.83 5.96 X X 9.07 X X 6.12 6.20 X X 10.73 X 6.95 X X X 
X X X X X X X X X X X X X X X X X X 
X X X X X X X X X X X X X X X X X X 
X X X X X X X X 6.12 6.20 X X X X X X X X 
11.05 X X X X X X X 6.13 6.25 X X X X X X - X 
11.04 X X X X X X X 6.18 6.24 X X X X X X 8.42 X 
11.03 X X X X X X X 6.18 6.23 X X X X X X 8.43 X 
X X X X X X X X 6.12 6.14 X X X X X X 8.42 X 
11.07 X X X X X X X 6.18 6.24 X X X X X X 8.42 X 
11.00 X X X X X X X 6.10 6.23 X X X X X X 8.46 X 
- X X X X X X X 6.24 6.24 X X X X X X 8.47 X 
- X X X X X X X 6.21 6.15 X X X X X X 8.47 X 
11.09 X X X X X X X 6.14 6.31 X X X X X X 8.46 X 
11.05 X X X X X X X 6.20 6.26 X X X X X X 8.44 X 
11.13 X X X X X X X 6.18 6.23 X X X X X X 8.44 X 
11.10 X X X X X X X 6.21 6.21 X X X X X X 8.44 X 
X X X X X X X X 6.12 6.22 X X X X X X 8.39 X 
11.01 X X X X X X X 6.10 6.13 X X X X X X 8.46 X 
11.05 X X X X X X X 6.19 6.20 X X X X X X 8.43 X 
11.08 X X X X X X X 6.15 6.24 X X X X X X 8.42 X 
11.00 X X X X X X X 6.17 6.30 X X X X X X 8.47 X 
11.05 X X X X X X X 6.13 6.24 X X X X X X 8.42 X 
- X X X X X X X 6.18 6.18 X X X X X X 8.47 X 
- X X X X X X X 6.22 6.27 X X X X X X 8.48 X 
X X X X X X X X 6.15 6.26 X X X X X X 8.47 X 
- X X X X X X X 6.11 6.28 X X X X X X 8.46 X 
11.02 X X X X X X X 6.17 6.21 X X X X X X 8.46 X 
11.04 - - X X - X X 6.17 6.17 X X X X - X 8.40 X 
11.09 6.85 5.86 X X 8.96 X X 6.18 6.19 X X X X 6.98 X 8.45 X 
11.09 6.82 5.99 X X 9.02 X X 6.12 6.20 X X X X 7.00 X 8.51 X 
11.12 6.85 6.02 X X 8.96 X X 6.15 6.16 X X X X 7.01 X 8.46 X 
11.04 6.84 5.92 X X 9.03 X X 6.14 6.21 X X X X 6.99 X 8.46 X 
11.07 6.86 5.94 X X 9.02 X X 6.14 6.16 X X X X 7.05 X 8.41 X 
11.08 6.86 5.98 X X 9.02 X X 6.22 6.19 X X X X 6.93 X 8.47 X 
11.11 6.84 5.97 X X 8.99 X X 6.18 6.25 X X X X 6.97 X 8.47 X 
11.00 6.87 5.97 X X 9.00 X X 6.18 6.17 X X X X 6.90 X 8.45 X 
11.05 6.85 5.96 X X 8.93 X X 6.15 6.24 X X X X 6.94 X 8.50 X 
11.00 6.90 5.95 X X 9.03 X X 6.12 6.21 X X X X 6.89 X 8.48 X 
11.06 6.87 5.96 X X 9.04 X X 6.14 6.28 X X 10.67 X 6.91 X 8.47 X 
11.03 6.82 5.89 X X 9.00 X X 6.12 6.19 X X 10.68 X 6.95 X 8.46 X 
11.05 6.84 5.91 X X 8.99 X X 6.18 6.24 X X 10.73 X 6.97 X 8.47 X 
11.06 6.89 5.97 X X 9.04 X X 6.18 6.22 X X 10.72 X 6.92 X 8.47 X 
X X X X X X X X X X X X X X X X X X 
11.10 6.82 X X X X 6.82 X 6.14 X X X 10.68 X 7.03 X 8.49 X 
11.11 6.87 X X X - 6.81 X 6.18 X X X 10.71 X 6.97 X 8.45 X 
11.08 6.83 5.89 X X 9.03 X X 6.16 6.23 X X 10.71 X 6.94 X 8.47 X 
11.01 6.88 5.88 X X 9.04 X X 6.13 6.15 X X 10.72 X 6.95 X 8.43 X 
10.98 6.87 5.94 X X 9.01 X X 6.12 6.23 X X 10.74 X 6.93 X 8.51 X 
11.03 6.85 X X X 8.99 X X 6.17 6.23 X X 10.69 X 6.94 X 8.50 X 
11.05 6.84 5.97 X X 8.99 X X 6.05 6.16 X X 10.72 X 6.89 X 8.45 X 
11.04 6.85 5.93 X X 8.98 X X 6.17 6.22 X X 10.69 X 6.96 X 8.42 X 
11.07 6.91 5.86 X X 9.04 X X 6.17 6.16 X X 10.73 X 6.92 X 8.42 X 
11.12 6.84 5.82 X X 9.03 X X 6.16 6.17 X X 10.68 X 6.93 X 8.47 X 
11.01 6.83 5.89 X X 9.04 X X 6.17 6.20 X X 10.73 X 6.92 X 8.44 X 
11.09 6.84 5.85 X X 8.98 X X 6.13 6.16 X X 10.71 X 6.93 X 8.48 X 
11.00 6.87 5.88 X X 9.03 X X 6.13 6.27 X X 10.68 X 6.91 X 8.47 X 
11.02 6.83 5.95 X X 8.98 X X 6.13 6.24 X X 10.71 X 6.94 X 8.50 X 
10.99 6.84 5.93 X X 9.00 X X 6.14 6.19 X X 10.74 X 6.90 X 8.43 X 
11.02 6.82 5.94 X X 9.00 X X 6.17 6.20 X X 10.74 X 6.92 X 8.48 X 
11.00 6.85 5.92 X X 9.04 X X 6.15 6.24 X X 10.66 X 6.94 X 8.41 X 
11.05 6.85 5.99 X X 8.99 X X 6.11 6.21 X X 10.72 X 6.93 X 8.42 X 
11.06 6.86 X X X 9.05 X X 6.17 6.20 X X 10.73 X 6.92 X 8.41 X 
11.01 6.84 5.94 X X 8.99 X X 6.18 6.17 X X 10.71 X 6.92 X 8.50 X 
11.05 6.84 5.91 X X 8.96 X X 6.16 6.16 X X 10.68 X 6.89 X 8.48 X 
11.11 6.86 5.89 X X 9.05 X X 6.16 6.18 X X 10.71 X 6.96 X 8.45 X 
11.02 6.84 5.92 X X 9.02 X X 6.19 6.30 X X X X 6.94 X 8.47 X 
11.14 6.84 5.83 X X 9.04 - X 6.18 6.30 X X 10.70 X 6.96 X 8.49 X 
11.01 6.86 5.96 X X 9.02 6.78 X 6.13 6.22 X X 10.69 X 6.94 X 8.42 X 
11.00 6.88 5.91 X X 8.99 6.87 X 6.17 6.22 X X 10.72 X 6.93 X 8.49 X 
11.04 6.89 6.07 X X 8.95 6.82 X 6.14 6.19 X X 10.65 X 6.91 X 8.39 X 
11.11 6.90 5.95 X X 9.08 X X 6.18 6.22 X X 10.73 X 6.92 X 8.49 X 
11.12 6.85 6.02 X X 9.02 X X 6.18 6.20 X X 10.68 X 6.93 X 8.42 X 
11.05 6.86 5.98 X X 9.00 6.87 X 6.11 6.27 X X 10.73 X 6.90 X 8.50 X 
11.01 6.86 5.91 X X 9.05 X X 6.15 6.21 X X 10.62 X 6.91 X 8.45 X 
11.04 6.82 5.96 X X 8.99 X X 6.20 6.23 X X 10.72 X 6.98 X 8.50 X 
X 6.82 5.94 X X 9.04 X X 6.09 6.17 X X 10.64 X 6.94 X 8.46 X 
11.04 6.81 5.92 X X 9.05 X X 6.19 6.23 X X 10.64 X 6.93 X 8.48 X 
11.07 6.85 5.82 X X 9.02 X X 6.19 6.29 X X 10.73 X 6.94 X 8.47 X 
11.18 6.91 5.93 X X 8.98 X X 6.14 6.25 X X 10.70 X 6.97 X 8.48 X 
11.06 6.85 5.93 X X 9.05 X X 6.13 6.19 X X 10.68 X 6.91 X 8.47 X 
11.04 6.83 5.97 X X 9.00 X X 6.16 6.22 X X 10.70 X 6.92 X 8.50 X 
11.06 6.86 5.99 X X 9.05 X X 6.08 6.15 X X 10.73 X 6.95 X 8.47 X 
11.01 6.84 5.97 X X 9.03 X X 6.16 6.19 X X 10.69 X 6.93 X 8.41 X 
X 6.83 5.95 X X 9.04 X X 6.11 6.21 X X 10.69 X 6.92 X 8.57 X 
11.02 6.87 5.95 X X 8.99 X X 6.17 6.19 X X 10.75 X 6.96 X 8.48 X 
11.09 6.87 6.00 X X 9.00 X X 6.13 6.15 X X 10.68 X 6.92 X 8.48 X 
11.07 6.87 5.96 X X 9.05 X X 6.13 6.27 X X 10.70 X 6.93 X 8.45 X 
11.08 6.83 5.94 X X 8.94 X X 6.20 6.28 X X 10.69 X 6.96 X 8.43 X 
11.05 6.84 5.99 X X 8.96 X X 6.20 6.25 X X 10.68 X 6.94 X 8.45 X 
11.02 6.84 5.93 X X 9.05 X X 6.19 6.19 X X 10.74 X 6.88 X 8.50 X 
11.05 6.86 5.94 X X 9.04 X X 6.18 6.18 X X 10.71 X 6.95 X 8.45 X 
11.08 6.83 6.10 X X 8.99 X X 6.16 6.17 X X 10.67 X 6.96 X 8.47 X 
11.04 6.84 5.89 X X 9.07 X X 6.18 6.16 X X 10.71 X 6.91 X 8.43 X 
10.97 6.85 5.96 X X 9.04 X X 6.20 6.21 X X 10.70 X 6.88 X 8.45 X 
11.09 6.84 5.92 X X 9.04 X X 6.06 6.33 X X 10.67 X 6.88 X 8.43 X 
11.11 6.81 5.98 X X 8.99 X X 6.13 6.19 X X 10.70 X 6.95 X 8.48 X 
11.05 6.91 5.94 X X 9.09 X X 6.12 6.25 X X 10.72 X 6.94 X 8.48 X 
11.03 6.86 5.90 X X 9.09 X X 6.16 6.25 X X 10.75 X 6.93 X 8.53 X 
11.01 6.87 5.98 X X 8.98 X X 6.08 6.33 X X 10.76 X 6.93 X 8.47 X 
11.08 6.87 6.03 X X 9.02 X X 6.06 6.22 X X 10.73 X 6.93 X 8.45 X 
11.03 6.85 6.06 X X 9.02 X X 6.11 6.19 X X 10.69 X 6.91 X 8.47 X 
11.05 6.88 5.92 X X 8.98 X X 6.12 6.25 X X 10.74 X 6.92 X 8.53 X 
11.12 6.85 5.95 X X 9.03 X X 6.23 6.27 X X 10.75 X 6.89 X 8.45 X 
11.00 6.84 5.93 X X 9.02 X X 6.14 6.24 X X 10.71 X 6.87 X 8.43 X 
11.01 6.85 6.08 X X 8.96 X X 6.15 6.27 X X 10.75 X 6.90 X 8.47 X 
11.00 6.82 5.87 X X 9.07 X X 6.16 6.18 X X 10.75 X 6.90 X 8.44 X 
X X X X X X X X X X X X X X X X X X 
11.03 6.82 5.93 X X 8.99 X X 6.12 6.24 X X 10.71 X 6.95 X 8.43 X 
X X X X X X X X X X X X X X X X X X 
11.07 6.83 6.02 X X 9.04 X X 6.15 6.13 X X 10.68 X 6.95 X 8.37 X 
X 6.82 X X X X X X X 6.24 X X 10.74 X X X X X 
11.02 X 6.05 X X 9.02 X X 6.12 6.24 X X 10.66 X 6.94 X 8.48 X 
X X X X X X X X 6.11 X X X X X X X X X 
11.06 6.90 5.98 X X 8.96 X X 6.14 6.14 X X 10.70 X 6.95 X 8.48 X 
11.12 6.82 5.88 X X 9.00 X X 6.19 6.21 X X 10.75 X 6.96 X 8.46 X 
11.06 6.86 5.93 X X 9.02 X X 6.15 6.20 X X 10.70 X 6.95 X 8.48 X 
11.07 6.86 5.95 X X 9.03 X X 6.14 6.15 X X 10.68 X 6.97 X 8.44 X 
11.05 6.89 5.98 X X 9.03 X X 6.19 6.16 X X 10.76 X 6.93 X 8.49 X 
10.97 6.84 5.87 X X 9.03 X X 6.15 6.15 X X 10.70 X 6.94 X 8.50 X 
11.06 6.86 5.90 X X 9.01 X X 6.19 6.24 X X 10.74 X 6.98 X 8.47 X 
11